Mplus VERSION 8.10 (Mac)
MUTHEN & MUTHEN
10/02/2023  10:44 AM

INPUT INSTRUCTIONS

  TITLE:
    Variable List -

    vdlfl1z : vdlfl1z = (vdlfl1 - .004106468202)/ 43.00821294
    vdlfl2 : Naming 2 items HRS TICS scissors, cactus
      0: 0-1
      1: 2
    vdlfl3 : Naming 2 items MMSE
      0: 0-1
      1: 2
    vdlfl4 : MMSE write a sentence
    vdlfl5 : MMSE read and follow command
    vdlfl6 : CSID object naming
      0: 0-2
      1: 3
      2: 4
    rnjid :

  DATA:
    FILE = __000001.dat ;
  VARIABLE:
    NAMES =
      vdlfl1z vdlfl2 vdlfl3 vdlfl4 vdlfl5 vdlfl6 rnjid ;
    MISSING ARE ALL (-9999) ;
    CATEGORICAL =
      vdlfl2
      vdlfl3
      vdlfl4
      vdlfl5
      vdlfl6
      ;
    IDVARIABLE = rnjid ;
  ANALYSIS:
  estimator=mlr ;
  link=probit ;
  integration = montecarlo ;
  algorithm=integration ;

  OUTPUT:
  stdyx ;
  svalues ;

  SAVEDATA:
  save=fscores ;
  file=eaplfl.dat ;

  MODEL:
  [vdlfl1z@0.37141] ;
  [vdlfl2$1@-2.07503] ;
  [vdlfl3$1@-3.24793] ;
  [vdlfl4$1@-1.80727] ;
  [vdlfl5$1@-2.02416] ;
  [vdlfl6$1@-2.17617] ;
  [vdlfl6$2@-0.82639] ;
  lfl by vdlfl1z@1 ;
  lfl by vdlfl2@11.20339 ;
  lfl by vdlfl3@9.98794 ;
  lfl by vdlfl4@6.75197 ;
  lfl by vdlfl5@5.44765 ;
  lfl by vdlfl6@6.50385 ;
  vdlfl1z@0.01242 ;
  lfl@0.01081 ;




*** WARNING
  Data set contains cases with missing on all variables.
  These cases were not included in the analysis.
  Number of cases with missing on all variables:  149
   1 WARNING(S) FOUND IN THE INPUT INSTRUCTIONS




Variable List -

vdlfl1z : vdlfl1z = (vdlfl1 - .004106468202)/ 43.00821294
vdlfl2 : Naming 2 items HRS TICS scissors, cactus
0: 0-1
1: 2
vdlfl3 : Naming 2 items MMSE
0: 0-1
1: 2
vdlfl4 : MMSE write a sentence
vdlfl5 : MMSE read and follow command
vdlfl6 : CSID object naming
0: 0-2
1: 3
2: 4
rnjid :

SUMMARY OF ANALYSIS

Number of groups                                                 1
Number of observations                                        3347

Number of dependent variables                                    6
Number of independent variables                                  0
Number of continuous latent variables                            1

Observed dependent variables

  Continuous
   VDLFL1Z

  Binary and ordered categorical (ordinal)
   VDLFL2      VDLFL3      VDLFL4      VDLFL5      VDLFL6

Continuous latent variables
   LFL

Variables with special functions

  ID variable           RNJID

Estimator                                                      MLR
Information matrix                                        OBSERVED
Optimization Specifications for the Quasi-Newton Algorithm for
Continuous Outcomes
  Maximum number of iterations                                 100
  Convergence criterion                                  0.100D-05
Optimization Specifications for the EM Algorithm
  Maximum number of iterations                                 500
  Convergence criteria
    Loglikelihood change                                 0.100D-02
    Relative loglikelihood change                        0.100D-05
    Derivative                                           0.100D-02
Optimization Specifications for the M step of the EM Algorithm for
Categorical Latent variables
  Number of M step iterations                                    1
  M step convergence criterion                           0.100D-02
  Basis for M step termination                           ITERATION
Optimization Specifications for the M step of the EM Algorithm for
Censored, Binary or Ordered Categorical (Ordinal), Unordered
Categorical (Nominal) and Count Outcomes
  Number of M step iterations                                    1
  M step convergence criterion                           0.100D-02
  Basis for M step termination                           ITERATION
  Maximum value for logit thresholds                            10
  Minimum value for logit thresholds                           -10
  Minimum expected cell size for chi-square              0.100D-01
Maximum number of iterations for H1                           2000
Convergence criterion for H1                             0.100D-03
Optimization algorithm                                         EMA
Integration Specifications
  Type                                                  MONTECARLO
  Number of integration points                                1000
  Dimensions of numerical integration                            1
  Adaptive quadrature                                           ON
  Monte Carlo integration seed                                   0
Link                                                        PROBIT
Cholesky                                                        ON

Input data file(s)
  __000001.dat
Input data format  FREE


SUMMARY OF DATA

     Number of missing data patterns            15
     Number of y missing data patterns           2
     Number of u missing data patterns          14


COVARIANCE COVERAGE OF DATA

Minimum covariance coverage value   0.100


     PROPORTION OF DATA PRESENT


           Covariance Coverage
              VDLFL2        VDLFL3        VDLFL4        VDLFL5        VDLFL6
              ________      ________      ________      ________      ________
 VDLFL2         0.996
 VDLFL3         0.995         0.997
 VDLFL4         0.964         0.965         0.967
 VDLFL5         0.990         0.992         0.964         0.993
 VDLFL6         0.995         0.996         0.965         0.991         0.998
 VDLFL1Z        0.996         0.997         0.967         0.993         0.998


           Covariance Coverage
              VDLFL1Z
              ________
 VDLFL1Z        0.999


     PROPORTION OF DATA PRESENT FOR U


           Covariance Coverage
              VDLFL2        VDLFL3        VDLFL4        VDLFL5        VDLFL6
              ________      ________      ________      ________      ________
 VDLFL2         0.996
 VDLFL3         0.995         0.997
 VDLFL4         0.964         0.965         0.967
 VDLFL5         0.990         0.992         0.964         0.993
 VDLFL6         0.995         0.996         0.965         0.991         0.998


     PROPORTION OF DATA PRESENT FOR Y


           Covariance Coverage
              VDLFL1Z
              ________
 VDLFL1Z        0.999


UNIVARIATE PROPORTIONS AND COUNTS FOR CATEGORICAL VARIABLES

    VDLFL2
      Category 1    0.086          287.000
      Category 2    0.914         3047.000
    VDLFL3
      Category 1    0.012           40.000
      Category 2    0.988         3298.000
    VDLFL4
      Category 1    0.066          213.000
      Category 2    0.934         3023.000
    VDLFL5
      Category 1    0.039          129.000
      Category 2    0.961         3195.000
    VDLFL6
      Category 1    0.036          121.000
      Category 2    0.209          698.000
      Category 3    0.755         2522.000



UNIVARIATE SAMPLE STATISTICS


     UNIVARIATE HIGHER-ORDER MOMENT DESCRIPTIVE STATISTICS

         Variable/         Mean/     Skewness/   Minimum/ % with                Percentiles
        Sample Size      Variance    Kurtosis    Maximum  Min/Max      20%/60%    40%/80%    Median

     VDLFL1Z               0.371       0.255       0.000    0.84%       0.233      0.326      0.372
            3345.000       0.023       0.116       1.000    0.03%       0.395      0.488


THE MODEL ESTIMATION TERMINATED NORMALLY



MODEL FIT INFORMATION

Number of Free Parameters                        0

Loglikelihood

          H0 Value                       -2688.395

Information Criteria

          Akaike (AIC)                    5376.791
          Bayesian (BIC)                  5376.791
          Sample-Size Adjusted BIC        5376.791
            (n* = (n + 2) / 24)

Chi-Square Test of Model Fit for the Binary and Ordered Categorical
(Ordinal) Outcomes**

          Pearson Chi-Square

          Value                            156.827
          Degrees of Freedom                    40
          P-Value                           0.0000

          Likelihood Ratio Chi-Square

          Value                             35.011
          Degrees of Freedom                    40
          P-Value                           0.6941

** Of the 218 cells in the frequency table, 7
   were deleted in the calculation of chi-square due to extreme values.

Chi-Square Test for MCAR under the Unrestricted Latent Class Indicator Model

          Pearson Chi-Square

          Value                           1070.330
          Degrees of Freedom                   157
          P-Value                           0.0000

          Likelihood Ratio Chi-Square

          Value                            268.874
          Degrees of Freedom                   157
          P-Value                           0.0000



MODEL RESULTS

                                                    Two-Tailed
                    Estimate       S.E.  Est./S.E.    P-Value

 LFL      BY
    VDLFL1Z            1.000      0.000    999.000    999.000
    VDLFL2            11.203      0.000    999.000    999.000
    VDLFL3             9.988      0.000    999.000    999.000
    VDLFL4             6.752      0.000    999.000    999.000
    VDLFL5             5.448      0.000    999.000    999.000
    VDLFL6             6.504      0.000    999.000    999.000

 Intercepts
    VDLFL1Z            0.371      0.000    999.000    999.000

 Thresholds
    VDLFL2$1          -2.075      0.000    999.000    999.000
    VDLFL3$1          -3.248      0.000    999.000    999.000
    VDLFL4$1          -1.807      0.000    999.000    999.000
    VDLFL5$1          -2.024      0.000    999.000    999.000
    VDLFL6$1          -2.176      0.000    999.000    999.000
    VDLFL6$2          -0.826      0.000    999.000    999.000

 Variances
    LFL                0.011      0.000    999.000    999.000

 Residual Variances
    VDLFL1Z            0.012      0.000    999.000    999.000


QUALITY OF NUMERICAL RESULTS

     Condition Number for the Information Matrix              0.100E+01
       (ratio of smallest to largest eigenvalue)


RESULTS IN PROBABILITY SCALE

                    Estimate

 VDLFL2
    Category 1         0.088
    Category 2         0.912
 VDLFL3
    Category 1         0.012
    Category 2         0.988
 VDLFL4
    Category 1         0.070
    Category 2         0.930
 VDLFL5
    Category 1         0.039
    Category 2         0.961
 VDLFL6
    Category 1         0.036
    Category 2         0.211
    Category 3         0.753


STANDARDIZED MODEL RESULTS


STDYX Standardization

                                                    Two-Tailed
                    Estimate       S.E.  Est./S.E.    P-Value

 LFL      BY
    VDLFL1Z            0.682      0.000    999.000    999.000
    VDLFL2             0.759      0.000    999.000    999.000
    VDLFL3             0.720      0.000    999.000    999.000
    VDLFL4             0.575      0.000    999.000    999.000
    VDLFL5             0.493      0.000    999.000    999.000
    VDLFL6             0.560      0.000    999.000    999.000

 Intercepts
    VDLFL1Z            2.437      0.000    999.000    999.000

 Thresholds
    VDLFL2$1          -1.352      0.000    999.000    999.000
    VDLFL3$1          -2.253      0.000    999.000    999.000
    VDLFL4$1          -1.479      0.000    999.000    999.000
    VDLFL5$1          -1.761      0.000    999.000    999.000
    VDLFL6$1          -1.803      0.000    999.000    999.000
    VDLFL6$2          -0.685      0.000    999.000    999.000

 Variances
    LFL                1.000      0.000    999.000    999.000

 Residual Variances
    VDLFL1Z            0.535      0.000    999.000    999.000


R-SQUARE

    Observed                                        Two-Tailed
    Variable        Estimate       S.E.  Est./S.E.    P-Value

    VDLFL2             0.576      0.000    999.000    999.000
    VDLFL3             0.519      0.000    999.000    999.000
    VDLFL4             0.330      0.000    999.000    999.000
    VDLFL5             0.243      0.000    999.000    999.000
    VDLFL6             0.314      0.000    999.000    999.000
    VDLFL1Z            0.465      0.000    999.000    999.000


MODEL COMMAND WITH FINAL ESTIMATES USED AS STARTING VALUES

     lfl BY vdlfl1z@1;
     lfl BY vdlfl2@11.20339;
     lfl BY vdlfl3@9.98794;
     lfl BY vdlfl4@6.75197;
     lfl BY vdlfl5@5.44765;
     lfl BY vdlfl6@6.50385;

     [ vdlfl1z@0.37141 ];

     [ vdlfl2$1@-2.07503 ];
     [ vdlfl3$1@-3.24793 ];
     [ vdlfl4$1@-1.80727 ];
     [ vdlfl5$1@-2.02416 ];
     [ vdlfl6$1@-2.17617 ];
     [ vdlfl6$2@-0.82639 ];

     vdlfl1z@0.01242;
     lfl@0.01081;



SAMPLE STATISTICS FOR ESTIMATED FACTOR SCORES


     SAMPLE STATISTICS


           Means
              LFL           LFL_SE
              ________      ________
                0.000         0.066


           Covariances
              LFL           LFL_SE
              ________      ________
 LFL            0.006
 LFL_SE         0.000         0.000


           Correlations
              LFL           LFL_SE
              ________      ________
 LFL            1.000
 LFL_SE         0.894         1.000


SAVEDATA INFORMATION


  Save file
    eaplfl.dat

  Order and format of variables

    VDLFL2         F10.3
    VDLFL3         F10.3
    VDLFL4         F10.3
    VDLFL5         F10.3
    VDLFL6         F10.3
    VDLFL1Z        F10.3
    LFL            F10.3
    LFL_SE         F10.3
    RNJID          I5

  Save file format
    8F10.3 I5

  Save file record length    10000

  Save missing symbol        *


     Beginning Time:  10:44:42
        Ending Time:  10:44:45
       Elapsed Time:  00:00:03



MUTHEN & MUTHEN
3463 Stoner Ave.
Los Angeles, CA  90066

Tel: (310) 391-9971
Fax: (310) 391-8971
Web: www.StatModel.com
Support: Support@StatModel.com

Copyright (c) 1998-2023 Muthen & Muthen
