Mplus VERSION 8.10 (Mac)
MUTHEN & MUTHEN
10/02/2023  10:43 AM

INPUT INSTRUCTIONS

  TITLE:
    Variable List -

    vdexf1z : vdexf1z = (vdexf1 - .002307011643)/ 17.00461402
    vdexf2z : vdexf2z = (vdexf2 - .00004913090975)/ .3924776351
    vdexf7z : vdexf7z = (vdexf7 - 409.0196249)/ 175.0392498
    vdasp1z : vdasp1z = (vdasp1 - .007827027941)/ 71.01565406
    vdasp2z : vdasp2z = (vdasp2 - .00005338379933)/ .8074956097
    vdasp3 : MMSE spell world backwards
    vdasp4z : vdasp4z = (vdasp4 - .007123559752)/ 80.01424712
    vdasp5z : vdasp5z = (vdasp5 - .003293547937)/ 37.0065871
    rnjid :

  DATA:
    FILE = __000001.dat ;
  VARIABLE:
    NAMES =
      vdexf1z vdexf2z vdexf7z vdasp1z vdasp2z vdasp3 vdasp4z vdasp5z rnjid ;
    MISSING ARE ALL (-9999) ;
    CATEGORICAL =
      vdasp3
      ;
    IDVARIABLE = rnjid ;
  ANALYSIS:
  estimator=bayes ;

  OUTPUT:
  data imputation: ndatasets=1 ;
  save = modelexfpv*.dat ;

  SAVEDATA:
  file=modelexfpv_plaus.dat ;
  save = fscores(1) ;
  factors = exf  ;

  MODEL:
  [vdexf1z@0.72664] ;
  [vdexf2z@0.38984] ;
  [vdexf7z@0.61859] ;
  [vdasp1z@0.44398] ;
  [vdasp2z@0.39201] ;
  [vdasp4z@0.36454] ;
  [vdasp5z@0.39370] ;
  [vdasp3$1@-2.63003] ;
  [vdasp3$2@-2.07622] ;
  [vdasp3$3@-1.56444] ;
  [vdasp3$4@-0.96647] ;
  [vdasp3$5@-0.77164] ;
  exf by vdexf1z@1 ;
  exf by vdexf2z@1.13593 ;
  exf by vdexf7z@0.83290 ;
  exf by vdasp1z@1.07129 ;
  exf by vdasp2z@0.57081 ;
  exf by vdasp3@4.57477 ;
  exf by vdasp4z@0.63777 ;
  exf by vdasp5z@0.67554 ;
  vdexf1z@0.02224 ;
  vdexf2z@0.01656 ;
  vdexf7z@0.01947 ;
  vdasp1z@0.00594 ;
  vdasp2z@0.00361 ;
  vdasp4z@0.01030 ;
  vdasp5z@0.00951 ;
  exf@0.02527 ;




*** WARNING
  Data set contains cases with missing on all variables.
  These cases were not included in the analysis.
  Number of cases with missing on all variables:  153
   1 WARNING(S) FOUND IN THE INPUT INSTRUCTIONS




Variable List -

vdexf1z : vdexf1z = (vdexf1 - .002307011643)/ 17.00461402
vdexf2z : vdexf2z = (vdexf2 - .00004913090975)/ .3924776351
vdexf7z : vdexf7z = (vdexf7 - 409.0196249)/ 175.0392498
vdasp1z : vdasp1z = (vdasp1 - .007827027941)/ 71.01565406
vdasp2z : vdasp2z = (vdasp2 - .00005338379933)/ .8074956097
vdasp3 : MMSE spell world backwards
vdasp4z : vdasp4z = (vdasp4 - .007123559752)/ 80.01424712
vdasp5z : vdasp5z = (vdasp5 - .003293547937)/ 37.0065871
rnjid :

SUMMARY OF ANALYSIS

Number of groups                                                 1
Number of observations                                        3343

Number of replications
    Requested                                                    1
    Completed                                                    1

Number of dependent variables                                    8
Number of independent variables                                  0
Number of continuous latent variables                            1

Observed dependent variables

  Continuous
   VDEXF1Z     VDEXF2Z     VDEXF7Z     VDASP1Z     VDASP2Z     VDASP4Z
   VDASP5Z

  Binary and ordered categorical (ordinal)
   VDASP3

Continuous latent variables
   EXF

Variables with special functions

  ID variable           RNJID

Estimator                                                    BAYES
Specifications for Bayesian Estimation
  Point estimate                                            MEDIAN
  Number of Markov chain Monte Carlo (MCMC) chains               2
  Random seed for the first chain                                0
  Starting value information                           UNPERTURBED
  Algorithm used for Markov chain Monte Carlo           GIBBS(PX1)
  Convergence criterion                                  0.500D-01
  Maximum number of iterations                               50000
  K-th iteration used for thinning                               1
Link                                                        PROBIT
Specifications for Data Imputation
  Number of imputed data sets                                    1
  Iteration intervals for thinning                             100

Input data file(s)
  __000001.dat
Input data format  FREE


SUMMARY OF DATA



SUMMARY OF MISSING DATA PATTERNS

     Number of missing data patterns            74


     MISSING DATA PATTERNS (x = not missing)

           1  2  3  4  5  6  7  8  9 10 11 12 13 14 15 16 17 18 19 20
 VDASP3    x  x  x  x  x     x  x  x     x  x  x     x     x  x  x  x
 VDEXF1Z   x  x  x  x  x  x  x  x  x  x  x  x  x  x  x  x  x  x  x  x
 VDEXF2Z   x           x                    x  x  x           x     x
 VDEXF7Z   x                    x  x           x  x           x     x
 VDASP1Z   x  x     x  x  x        x  x  x  x  x  x     x           x
 VDASP2Z   x  x     x  x        x  x        x     x     x  x  x  x  x
 VDASP4Z   x  x  x  x  x  x     x  x  x  x  x  x  x  x  x  x  x  x  x
 VDASP5Z   x     x  x  x           x  x        x  x     x     x  x

          21 22 23 24 25 26 27 28 29 30 31 32 33 34 35 36 37 38 39 40
 VDASP3    x           x  x  x  x  x  x  x  x           x  x  x  x  x
 VDEXF1Z      x  x  x  x  x     x  x  x  x     x        x  x     x
 VDEXF2Z            x  x  x     x                          x        x
 VDEXF7Z      x        x     x  x  x  x                 x     x  x
 VDASP1Z      x     x  x     x     x  x  x              x     x     x
 VDASP2Z      x     x  x  x  x  x              x        x  x  x     x
 VDASP4Z      x     x     x  x  x  x  x  x  x  x     x     x  x  x  x
 VDASP5Z      x     x                 x  x     x  x     x  x  x     x

          41 42 43 44 45 46 47 48 49 50 51 52 53 54 55 56 57 58 59 60
 VDASP3                x     x  x     x  x           x     x     x  x
 VDEXF1Z   x     x  x     x  x  x  x  x     x  x  x     x        x
 VDEXF2Z                                       x  x
 VDEXF7Z            x     x  x        x                    x     x
 VDASP1Z                  x     x     x        x  x  x  x
 VDASP2Z   x        x     x     x  x  x        x  x     x  x  x  x  x
 VDASP4Z      x  x  x  x  x  x        x     x  x     x     x     x  x
 VDASP5Z      x  x     x     x  x  x     x        x  x  x     x  x

          61 62 63 64 65 66 67 68 69 70 71 72 73 74
 VDASP3          x           x  x     x  x     x
 VDEXF1Z   x  x     x  x  x  x     x  x     x  x  x
 VDEXF2Z         x        x     x  x        x  x  x
 VDEXF7Z         x              x     x  x  x  x
 VDASP1Z   x  x              x  x     x  x  x  x
 VDASP2Z      x  x  x     x     x  x  x     x  x  x
 VDASP4Z      x  x  x     x     x  x     x
 VDASP5Z               x     x  x  x     x  x  x


     MISSING DATA PATTERN FREQUENCIES

    Pattern   Frequency     Pattern   Frequency     Pattern   Frequency
          1        2442          26           4          51           1
          2           4          27           1          52           5
          3          10          28           8          53           2
          4          92          29           2          54           3
          5         247          30           8          55           2
          6           2          31           6          56           4
          7           3          32          16          57           2
          8           4          33           6          58           1
          9         199          34           1          59           5
         10           2          35           7          60           1
         11           3          36           1          61           1
         12           4          37           3          62           2
         13           7          38           1          63           1
         14          35          39           4          64           3
         15          21          40           2          65           2
         16          22          41           3          66           3
         17           6          42           1          67           1
         18           7          43           5          68           3
         19          13          44           2          69           1
         20          15          45           8          70           1
         21           7          46           1          71           1
         22          10          47           3          72           1
         23           4          48           2          73           2
         24          34          49           3          74           1
         25           1          50           2


COVARIANCE COVERAGE OF DATA

Minimum covariance coverage value   0.100


     PROPORTION OF DATA PRESENT


           Covariance Coverage
              VDASP3        VDEXF1Z       VDEXF2Z       VDEXF7Z       VDASP1Z
              ________      ________      ________      ________      ________
 VDASP3         0.950
 VDEXF1Z        0.936         0.983
 VDEXF2Z        0.821         0.844         0.845
 VDEXF7Z        0.814         0.826         0.754         0.828
 VDASP1Z        0.912         0.945         0.837         0.818         0.948
 VDASP2Z        0.919         0.957         0.843         0.821         0.937
 VDASP4Z        0.944         0.973         0.843         0.827         0.943
 VDASP5Z        0.917         0.950         0.834         0.815         0.935


           Covariance Coverage
              VDASP2Z       VDASP4Z       VDASP5Z
              ________      ________      ________
 VDASP2Z        0.960
 VDASP4Z        0.953         0.987
 VDASP5Z        0.939         0.950         0.956


UNIVARIATE PROPORTIONS AND COUNTS FOR CATEGORICAL VARIABLES

    VDASP3
      Category 1    0.016           52.000
      Category 2    0.027           87.000
      Category 3    0.050          159.000
      Category 4    0.106          338.000
      Category 5    0.047          150.000
      Category 6    0.753         2390.000



UNIVARIATE SAMPLE STATISTICS


     UNIVARIATE HIGHER-ORDER MOMENT DESCRIPTIVE STATISTICS

         Variable/         Mean/     Skewness/   Minimum/ % with                Percentiles
        Sample Size      Variance    Kurtosis    Maximum  Min/Max      20%/60%    40%/80%    Median

     VDEXF1Z               0.729      -0.982       0.000    0.76%       0.529      0.706      0.765
            3287.000       0.047       0.633       1.000    9.16%       0.823      0.941
     VDEXF2Z               0.428      -0.142       0.000    1.03%       0.251      0.384      0.432
            2826.000       0.040      -0.643       1.000    0.04%       0.495      0.608
     VDEXF7Z               0.648      -0.787       0.000    0.72%       0.526      0.623      0.663
            2769.000       0.032       1.661       1.000    3.61%       0.686      0.783
     VDASP1Z               0.458      -0.216       0.000    0.44%       0.296      0.423      0.465
            3168.000       0.031      -0.445       1.000    0.03%       0.507      0.620
     VDASP2Z               0.397      -0.706       0.000    0.16%       0.319      0.389      0.412
            3210.000       0.011       1.040       1.000    0.03%       0.432      0.479
     VDASP4Z               0.366      -0.199       0.000    1.88%       0.263      0.350      0.375
            3300.000       0.020       0.519       1.000    0.03%       0.400      0.475
     VDASP5Z               0.399      -0.141       0.000    0.84%       0.297      0.378      0.405
            3197.000       0.020       0.381       1.000    0.03%       0.432      0.514


THE MODEL ESTIMATION TERMINATED NORMALLY

     USE THE FBITERATIONS OPTION TO INCREASE THE NUMBER OF ITERATIONS BY A FACTOR
     OF AT LEAST TWO TO CHECK CONVERGENCE AND THAT THE PSR VALUE DOES NOT INCREASE.



MODEL FIT INFORMATION

Number of Free Parameters                               0

Bayesian Posterior Predictive Checking using Chi-Square

          95% Confidence Interval for the Difference Between
          the Observed and the Replicated Chi-Square Values

                                418.535           504.221

          Posterior Predictive P-Value              0.000



MODEL RESULTS

                                Posterior  One-Tailed         95% C.I.
                    Estimate       S.D.      P-Value   Lower 2.5%  Upper 2.5%  Significance

 EXF      BY
    VDEXF1Z            1.000       0.000      0.000       1.000       1.000
    VDEXF2Z            1.136       0.000      0.000       1.136       1.136
    VDEXF7Z            0.833       0.000      0.000       0.833       0.833
    VDASP1Z            1.071       0.000      0.000       1.071       1.071
    VDASP2Z            0.571       0.000      0.000       0.571       0.571
    VDASP3             4.575       0.000      0.000       4.575       4.575
    VDASP4Z            0.638       0.000      0.000       0.638       0.638
    VDASP5Z            0.676       0.000      0.000       0.676       0.676

 Intercepts
    VDEXF1Z            0.727       0.000      0.000       0.727       0.727
    VDEXF2Z            0.390       0.000      0.000       0.390       0.390
    VDEXF7Z            0.619       0.000      0.000       0.619       0.619
    VDASP1Z            0.444       0.000      0.000       0.444       0.444
    VDASP2Z            0.392       0.000      0.000       0.392       0.392
    VDASP4Z            0.365       0.000      0.000       0.365       0.365
    VDASP5Z            0.394       0.000      0.000       0.394       0.394

 Thresholds
    VDASP3$1          -2.630       0.000      0.000      -2.630      -2.630
    VDASP3$2          -2.076       0.000      0.000      -2.076      -2.076
    VDASP3$3          -1.564       0.000      0.000      -1.564      -1.564
    VDASP3$4          -0.966       0.000      0.000      -0.966      -0.966
    VDASP3$5          -0.772       0.000      0.000      -0.772      -0.772

 Variances
    EXF                0.025       0.000      0.000       0.025       0.025

 Residual Variances
    VDEXF1Z            0.022       0.000      0.000       0.022       0.022
    VDEXF2Z            0.017       0.000      0.000       0.017       0.017
    VDEXF7Z            0.019       0.000      0.000       0.019       0.019
    VDASP1Z            0.006       0.000      0.000       0.006       0.006
    VDASP2Z            0.004       0.000      0.000       0.004       0.004
    VDASP4Z            0.010       0.000      0.000       0.010       0.010
    VDASP5Z            0.010       0.000      0.000       0.010       0.010


TECHNICAL 1 OUTPUT


     PARAMETER SPECIFICATION


           TAU
              VDASP3$1      VDASP3$2      VDASP3$3      VDASP3$4      VDASP3$5
              ________      ________      ________      ________      ________
                    0             0             0             0             0


           NU
              VDASP3        VDEXF1Z       VDEXF2Z       VDEXF7Z       VDASP1Z
              ________      ________      ________      ________      ________
                    0             0             0             0             0


           NU
              VDASP2Z       VDASP4Z       VDASP5Z
              ________      ________      ________
                    0             0             0


           LAMBDA
              EXF
              ________
 VDASP3             0
 VDEXF1Z            0
 VDEXF2Z            0
 VDEXF7Z            0
 VDASP1Z            0
 VDASP2Z            0
 VDASP4Z            0
 VDASP5Z            0


           THETA
              VDASP3        VDEXF1Z       VDEXF2Z       VDEXF7Z       VDASP1Z
              ________      ________      ________      ________      ________
 VDASP3             0
 VDEXF1Z            0             0
 VDEXF2Z            0             0             0
 VDEXF7Z            0             0             0             0
 VDASP1Z            0             0             0             0             0
 VDASP2Z            0             0             0             0             0
 VDASP4Z            0             0             0             0             0
 VDASP5Z            0             0             0             0             0


           THETA
              VDASP2Z       VDASP4Z       VDASP5Z
              ________      ________      ________
 VDASP2Z            0
 VDASP4Z            0             0
 VDASP5Z            0             0             0


           ALPHA
              EXF
              ________
                    0


           BETA
              EXF
              ________
 EXF                0


           PSI
              EXF
              ________
 EXF                0


     STARTING VALUES


           TAU
              VDASP3$1      VDASP3$2      VDASP3$3      VDASP3$4      VDASP3$5
              ________      ________      ________      ________      ________
               -2.630        -2.076        -1.564        -0.966        -0.772


           NU
              VDASP3        VDEXF1Z       VDEXF2Z       VDEXF7Z       VDASP1Z
              ________      ________      ________      ________      ________
                0.000         0.727         0.390         0.619         0.444


           NU
              VDASP2Z       VDASP4Z       VDASP5Z
              ________      ________      ________
                0.392         0.365         0.394


           LAMBDA
              EXF
              ________
 VDASP3         4.575
 VDEXF1Z        1.000
 VDEXF2Z        1.136
 VDEXF7Z        0.833
 VDASP1Z        1.071
 VDASP2Z        0.571
 VDASP4Z        0.638
 VDASP5Z        0.676


           THETA
              VDASP3        VDEXF1Z       VDEXF2Z       VDEXF7Z       VDASP1Z
              ________      ________      ________      ________      ________
 VDASP3         1.000
 VDEXF1Z        0.000         0.022
 VDEXF2Z        0.000         0.000         0.017
 VDEXF7Z        0.000         0.000         0.000         0.019
 VDASP1Z        0.000         0.000         0.000         0.000         0.006
 VDASP2Z        0.000         0.000         0.000         0.000         0.000
 VDASP4Z        0.000         0.000         0.000         0.000         0.000
 VDASP5Z        0.000         0.000         0.000         0.000         0.000


           THETA
              VDASP2Z       VDASP4Z       VDASP5Z
              ________      ________      ________
 VDASP2Z        0.004
 VDASP4Z        0.000         0.010
 VDASP5Z        0.000         0.000         0.010


           ALPHA
              EXF
              ________
                0.000


           BETA
              EXF
              ________
 EXF            0.000


           PSI
              EXF
              ________
 EXF            0.025



     PRIORS FOR ALL PARAMETERS            PRIOR MEAN      PRIOR VARIANCE     PRIOR STD. DEV.



SUMMARIES OF PLAUSIBLE VALUES (N = NUMBER OF OBSERVATIONS * NUMBER OF IMPUTATIONS)


     SAMPLE STATISTICS


           Means
              EXF
              ________
                0.000


           Covariances
              EXF
              ________
 EXF            0.025


           Correlations
              EXF
              ________
 EXF            1.000


SUMMARY OF PLAUSIBLE STANDARD DEVIATION (N = NUMBER OF OBSERVATIONS)


     SAMPLE STATISTICS


           Means
              EXF_SD
              ________
                0.000


           Covariances
              EXF_SD
              ________
 EXF_SD         0.000


           Correlations
              EXF_SD
              ________
 EXF_SD         1.000


SAVEDATA INFORMATION


  Save file
    modelexfpv*.dat

  Order of variables

    VDASP3
    VDEXF1Z
    VDEXF2Z
    VDEXF7Z
    VDASP1Z
    VDASP2Z
    VDASP4Z
    VDASP5Z
    EXF
    RNJID

  Save file format           Free

  Save file record length    10000

  Save missing symbol        *


  Save file
    modelexfpv_plaus.dat

  Order and format of variables

    VDASP3                           F10.3
    VDEXF1Z                          F10.3
    VDEXF2Z                          F10.3
    VDEXF7Z                          F10.3
    VDASP1Z                          F10.3
    VDASP2Z                          F10.3
    VDASP4Z                          F10.3
    VDASP5Z                          F10.3
   +EXF                              F10.3
    EXF Mean                         F10.3
    EXF Median                       F10.3
    EXF Standard Deviation           F10.3
    EXF 2.5% Value                   F10.3
    EXF 97.5% Value                  F10.3
    RNJID                            I5

  + variables that have a value for each of the 1 imputations

  Save file format
    14F10.3 I5

  Save file record length    10000

  Save missing symbol        *


     Beginning Time:  10:43:52
        Ending Time:  10:43:52
       Elapsed Time:  00:00:00



MUTHEN & MUTHEN
3463 Stoner Ave.
Los Angeles, CA  90066

Tel: (310) 391-9971
Fax: (310) 391-8971
Web: www.StatModel.com
Support: Support@StatModel.com

Copyright (c) 1998-2023 Muthen & Muthen
