Mplus VERSION 8.10 (Mac)
MUTHEN & MUTHEN
10/02/2023  11:13 AM

INPUT INSTRUCTIONS

  TITLE:
    Variable List -

    vdmde1z : vdmde1z = (vdmde1 - .001658167546)/ 10.00331634
    vdmde2z : vdmde2z = (vdmde2 - .003397320931)/ 25.00679464
    vdmde3 : MMSE 3 word delayed recall (0-3)
      0: 0-1
      1: 2
      2: 3
    vdmde4z : vdmde4z = (vdmde4 - .002028464166)/ 11.00405693
    vdmde5z : vdmde5z = (vdmde5 - .002091814299)/ 12.00418363
    vdmre1z : vdmre1z = (vdmre1 - .001473172551)/ 20.00294635
    vdmre2z : vdmre2z = (vdmre2 - .001699376703)/ 15.00339875
    vdexf1z : vdexf1z = (vdexf1 - .002307011643)/ 17.00461402
    vdexf2z : vdexf2z = (vdexf2 - .00004913090975)/ .3924776351
    vdexf7z : vdexf7z = (vdexf7 - 409.0196249)/ 175.0392498
    vdasp1z : vdasp1z = (vdasp1 - .007827027941)/ 71.01565406
    vdasp2z : vdasp2z = (vdasp2 - .00005338379933)/ .8074956097
    vdasp3 : MMSE spell world backwards
    vdasp4z : vdasp4z = (vdasp4 - .007123559752)/ 80.01424712
    vdasp5z : vdasp5z = (vdasp5 - .003293547937)/ 37.0065871
    vdlfl1z : vdlfl1z = (vdlfl1 - .004106468202)/ 43.00821294
    vdlfl2 : Naming 2 items HRS TICS scissors, cactus
      0: 0-1
      1: 2
    vdlfl3 : Naming 2 items MMSE
      0: 0-1
      1: 2
    vdlfl4 : MMSE write a sentence
    vdlfl5 : MMSE read and follow command
    vdlfl6 : CSID object naming
      0: 0-2
      1: 3
      2: 4
    vdori1z : vdori1z = (vdori1 - .0008432221464)/ 10.00168644
    vdvis1z : vdvis1z = (vdvis1 - .001456089426)/ 11.00291218
    rnjid :

  DATA:
    FILE = __000001.dat ;
  VARIABLE:
    NAMES =
      vdmde1z vdmde2z vdmde3 vdmde4z vdmde5z vdmre1z vdmre2z vdexf1z
  vdexf2z vdexf7z vdasp1z vdasp2z vdasp3 vdasp4z vdasp5z vdlfl1z
  vdlfl2 vdlfl3 vdlfl4 vdlfl5 vdlfl6 vdori1z vdvis1z rnjid ;
    MISSING ARE ALL (-9999) ;
    CATEGORICAL =
      vdmde3
      vdasp3
      vdlfl2
      vdlfl3
      vdlfl4
      vdlfl5
      vdlfl6
      ;
    IDVARIABLE = rnjid ;
  ANALYSIS:
  estimator=mlr ;
  link=probit ;
  integration = montecarlo ;
  algorithm=integration ;

  OUTPUT:
  stdyx ;
  svalues ;

  SAVEDATA:
  save=fscores ;
  file=eapgcp.dat ;

  MODEL:
  [vdmde1z@0.50931] ;
  [vdmde2z@0.28774] ;
  [vdmde4z@0.52432] ;
  [vdmde5z@0.41371] ;
  [vdmre1z@0.92529] ;
  [vdmre2z@0.67999] ;
  [vdexf1z@0.72446] ;
  [vdexf2z@0.38623] ;
  [vdexf7z@0.61359] ;
  [vdasp1z@0.44089] ;
  [vdasp2z@0.39053] ;
  [vdasp4z@0.36335] ;
  [vdasp5z@0.39204] ;
  [vdlfl1z@0.37090] ;
  [vdori1z@0.93140] ;
  [vdvis1z@0.74105] ;
  [vdmde3$1@-1.78916] ;
  [vdmde3$2@-0.54022] ;
  [vdasp3$1@-2.64725] ;
  [vdasp3$2@-2.08388] ;
  [vdasp3$3@-1.56262] ;
  [vdasp3$4@-0.95883] ;
  [vdasp3$5@-0.76274] ;
  [vdlfl2$1@-1.84180] ;
  [vdlfl3$1@-2.91083] ;
  [vdlfl4$1@-1.72385] ;
  [vdlfl5$1@-1.99470] ;
  [vdlfl6$1@-2.09633] ;
  [vdlfl6$2@-0.77941] ;
  mem by vdmde1z@1 ;
  mem by vdmde2z@0.76200 ;
  mem by vdmde3@4.46849 ;
  mem by vdmde4z@1.01402 ;
  mem by vdmde5z@0.85007 ;
  mem by vdmre1z@0.36937 ;
  mem by vdmre2z@0.53030 ;
  exf by vdexf1z@1 ;
  exf by vdexf2z@1.14056 ;
  exf by vdexf7z@0.87502 ;
  exf by vdasp1z@1.08077 ;
  exf by vdasp2z@0.56779 ;
  exf by vdasp3@4.65159 ;
  exf by vdasp4z@0.64376 ;
  exf by vdasp5z@0.66997 ;
  lfl by vdlfl1z@1 ;
  lfl by vdlfl2@8.24192 ;
  lfl by vdlfl3@6.85316 ;
  lfl by vdlfl4@5.45016 ;
  lfl by vdlfl5@4.68965 ;
  lfl by vdlfl6@5.22946 ;
  gcp by mem@1 ;
  gcp by exf@0.79659 ;
  gcp by lfl@0.57217 ;
  gcp by vdori1z@0.44435 ;
  gcp by vdvis1z@0.69963 ;
  ceradwl by vdmde1z@1 ;
  ceradwl by vdmre1z@1 ;
  lm by vdmde2z@1 ;
  lm by vdmre2z@1 ;
  mem with ceradwl@0 ;
  mem with lm@0 ;
  ceradwl with lm@0 ;
  ceradwl with gcp@0 ;
  ceradwl with exf@0 ;
  ceradwl with lfl@0 ;
  ceradwl with vdori1z@0 ;
  ceradwl with vdvis1z@0 ;
  lm with gcp@0 ;
  lm with exf@0 ;
  lm with lfl@0 ;
  lm with vdori1z@0 ;
  lm with vdvis1z@0 ;
  vdmde1z@0.02299 ;
  vdmde2z@0.01586 ;
  vdmde4z@0.04223 ;
  vdmde5z@0.04589 ;
  vdmre1z@0.00459 ;
  vdmre2z@0.01508 ;
  vdexf1z@0.02125 ;
  vdexf2z@0.01702 ;
  vdexf7z@0.01886 ;
  vdasp1z@0.00597 ;
  vdasp2z@0.00379 ;
  vdasp4z@0.01010 ;
  vdasp5z@0.00979 ;
  vdlfl1z@0.01100 ;
  vdori1z@0.01155 ;
  vdvis1z@0.02854 ;
  mem@0.01021 ;
  exf@0.00426 ;
  lfl@0.00074 ;
  gcp@0.03409 ;
  ceradwl@0.00331 ;
  lm@0.00610 ;




*** WARNING
  Data set contains cases with missing on all variables.
  These cases were not included in the analysis.
  Number of cases with missing on all variables:  149
   1 WARNING(S) FOUND IN THE INPUT INSTRUCTIONS




Variable List -

vdmde1z : vdmde1z = (vdmde1 - .001658167546)/ 10.00331634
vdmde2z : vdmde2z = (vdmde2 - .003397320931)/ 25.00679464
vdmde3 : MMSE 3 word delayed recall (0-3)
0: 0-1
1: 2
2: 3
vdmde4z : vdmde4z = (vdmde4 - .002028464166)/ 11.00405693
vdmde5z : vdmde5z = (vdmde5 - .002091814299)/ 12.00418363
vdmre1z : vdmre1z = (vdmre1 - .001473172551)/ 20.00294635
vdmre2z : vdmre2z = (vdmre2 - .001699376703)/ 15.00339875
vdexf1z : vdexf1z = (vdexf1 - .002307011643)/ 17.00461402
vdexf2z : vdexf2z = (vdexf2 - .00004913090975)/ .3924776351
vdexf7z : vdexf7z = (vdexf7 - 409.0196249)/ 175.0392498
vdasp1z : vdasp1z = (vdasp1 - .007827027941)/ 71.01565406
vdasp2z : vdasp2z = (vdasp2 - .00005338379933)/ .8074956097
vdasp3 : MMSE spell world backwards
vdasp4z : vdasp4z = (vdasp4 - .007123559752)/ 80.01424712
vdasp5z : vdasp5z = (vdasp5 - .003293547937)/ 37.0065871
vdlfl1z : vdlfl1z = (vdlfl1 - .004106468202)/ 43.00821294
vdlfl2 : Naming 2 items HRS TICS scissors, cactus
0: 0-1
1: 2
vdlfl3 : Naming 2 items MMSE
0: 0-1
1: 2
vdlfl4 : MMSE write a sentence
vdlfl5 : MMSE read and follow command
vdlfl6 : CSID object naming
0: 0-2
1: 3
2: 4
vdori1z : vdori1z = (vdori1 - .0008432221464)/ 10.00168644
vdvis1z : vdvis1z = (vdvis1 - .001456089426)/ 11.00291218
rnjid :

SUMMARY OF ANALYSIS

Number of groups                                                 1
Number of observations                                        3347

Number of dependent variables                                   23
Number of independent variables                                  0
Number of continuous latent variables                            6

Observed dependent variables

  Continuous
   VDMDE1Z     VDMDE2Z     VDMDE4Z     VDMDE5Z     VDMRE1Z     VDMRE2Z
   VDEXF1Z     VDEXF2Z     VDEXF7Z     VDASP1Z     VDASP2Z     VDASP4Z
   VDASP5Z     VDLFL1Z     VDORI1Z     VDVIS1Z

  Binary and ordered categorical (ordinal)
   VDMDE3      VDASP3      VDLFL2      VDLFL3      VDLFL4      VDLFL5
   VDLFL6

Continuous latent variables
   MEM         EXF         LFL         GCP         CERADWL     LM

Variables with special functions

  ID variable           RNJID

Estimator                                                      MLR
Information matrix                                        OBSERVED
Optimization Specifications for the Quasi-Newton Algorithm for
Continuous Outcomes
  Maximum number of iterations                                 100
  Convergence criterion                                  0.100D-05
Optimization Specifications for the EM Algorithm
  Maximum number of iterations                                 500
  Convergence criteria
    Loglikelihood change                                 0.100D-02
    Relative loglikelihood change                        0.100D-05
    Derivative                                           0.100D-02
Optimization Specifications for the M step of the EM Algorithm for
Categorical Latent variables
  Number of M step iterations                                    1
  M step convergence criterion                           0.100D-02
  Basis for M step termination                           ITERATION
Optimization Specifications for the M step of the EM Algorithm for
Censored, Binary or Ordered Categorical (Ordinal), Unordered
Categorical (Nominal) and Count Outcomes
  Number of M step iterations                                    1
  M step convergence criterion                           0.100D-02
  Basis for M step termination                           ITERATION
  Maximum value for logit thresholds                            10
  Minimum value for logit thresholds                           -10
  Minimum expected cell size for chi-square              0.100D-01
Maximum number of iterations for H1                           2000
Convergence criterion for H1                             0.100D-03
Optimization algorithm                                         EMA
Integration Specifications
  Type                                                  MONTECARLO
  Number of integration points                                3000
  Dimensions of numerical integration                            3
  Adaptive quadrature                                           ON
  Monte Carlo integration seed                                   0
Link                                                        PROBIT
Cholesky                                                        ON

Input data file(s)
  __000001.dat
Input data format  FREE


SUMMARY OF DATA

     Number of missing data patterns           199
     Number of y missing data patterns         110
     Number of u missing data patterns          29


COVARIANCE COVERAGE OF DATA

Minimum covariance coverage value   0.100


     PROPORTION OF DATA PRESENT


           Covariance Coverage
              VDMDE3        VDASP3        VDLFL2        VDLFL3        VDLFL4
              ________      ________      ________      ________      ________
 VDMDE3         0.982
 VDASP3         0.936         0.949
 VDLFL2         0.980         0.948         0.996
 VDLFL3         0.981         0.948         0.995         0.997
 VDLFL4         0.952         0.935         0.964         0.965         0.967
 VDLFL5         0.976         0.947         0.990         0.992         0.964
 VDLFL6         0.981         0.947         0.995         0.996         0.965
 VDMDE1Z        0.979         0.946         0.992         0.993         0.964
 VDMDE2Z        0.976         0.942         0.988         0.989         0.959
 VDMDE4Z        0.972         0.940         0.985         0.986         0.962
 VDMDE5Z        0.979         0.945         0.992         0.993         0.963
 VDMRE1Z        0.976         0.944         0.990         0.990         0.962
 VDMRE2Z        0.956         0.925         0.966         0.967         0.941
 VDEXF1Z        0.967         0.935         0.980         0.981         0.955
 VDEXF2Z        0.838         0.820         0.844         0.844         0.832
 VDEXF7Z        0.821         0.813         0.827         0.827         0.823
 VDASP1Z        0.935         0.911         0.946         0.947         0.930
 VDASP2Z        0.947         0.918         0.958         0.958         0.939
 VDASP4Z        0.971         0.943         0.985         0.985         0.958
 VDASP5Z        0.942         0.916         0.954         0.954         0.936
 VDLFL1Z        0.982         0.949         0.996         0.997         0.967
 VDORI1Z        0.982         0.949         0.996         0.996         0.966
 VDVIS1Z        0.973         0.940         0.986         0.987         0.962


           Covariance Coverage
              VDLFL5        VDLFL6        VDMDE1Z       VDMDE2Z       VDMDE4Z
              ________      ________      ________      ________      ________
 VDLFL5         0.993
 VDLFL6         0.991         0.998
 VDMDE1Z        0.989         0.995         0.995
 VDMDE2Z        0.984         0.991         0.988         0.991
 VDMDE4Z        0.983         0.987         0.984         0.982         0.987
 VDMDE5Z        0.989         0.996         0.993         0.991         0.987
 VDMRE1Z        0.987         0.993         0.992         0.987         0.984
 VDMRE2Z        0.962         0.968         0.967         0.968         0.961
 VDEXF1Z        0.977         0.982         0.979         0.978         0.977
 VDEXF2Z        0.843         0.844         0.843         0.843         0.844
 VDEXF7Z        0.826         0.827         0.826         0.826         0.827
 VDASP1Z        0.944         0.947         0.944         0.943         0.946
 VDASP2Z        0.956         0.959         0.957         0.956         0.958
 VDASP4Z        0.981         0.986         0.984         0.980         0.978
 VDASP5Z        0.952         0.955         0.953         0.950         0.952
 VDLFL1Z        0.993         0.998         0.995         0.991         0.987
 VDORI1Z        0.992         0.996         0.994         0.990         0.987
 VDVIS1Z        0.984         0.988         0.985         0.982         0.987


           Covariance Coverage
              VDMDE5Z       VDMRE1Z       VDMRE2Z       VDEXF1Z       VDEXF2Z
              ________      ________      ________      ________      ________
 VDMDE5Z        0.996
 VDMRE1Z        0.991         0.993
 VDMRE2Z        0.968         0.966         0.968
 VDEXF1Z        0.982         0.979         0.958         0.982
 VDEXF2Z        0.844         0.843         0.832         0.843         0.844
 VDEXF7Z        0.827         0.827         0.817         0.825         0.754
 VDASP1Z        0.946         0.944         0.928         0.944         0.836
 VDASP2Z        0.959         0.957         0.937         0.955         0.842
 VDASP4Z        0.983         0.982         0.959         0.972         0.842
 VDASP5Z        0.953         0.952         0.932         0.949         0.833
 VDLFL1Z        0.996         0.993         0.968         0.982         0.844
 VDORI1Z        0.994         0.991         0.967         0.981         0.844
 VDVIS1Z        0.987         0.984         0.961         0.977         0.844


           Covariance Coverage
              VDEXF7Z       VDASP1Z       VDASP2Z       VDASP4Z       VDASP5Z
              ________      ________      ________      ________      ________
 VDEXF7Z        0.827
 VDASP1Z        0.817         0.947
 VDASP2Z        0.820         0.936         0.959
 VDASP4Z        0.826         0.941         0.952         0.986
 VDASP5Z        0.814         0.934         0.938         0.949         0.955
 VDLFL1Z        0.827         0.947         0.959         0.986         0.955
 VDORI1Z        0.827         0.947         0.958         0.985         0.955
 VDVIS1Z        0.827         0.946         0.958         0.978         0.952


           Covariance Coverage
              VDLFL1Z       VDORI1Z       VDVIS1Z
              ________      ________      ________
 VDLFL1Z        0.999
 VDORI1Z        0.998         0.998
 VDVIS1Z        0.988         0.987         0.988


     PROPORTION OF DATA PRESENT FOR U


           Covariance Coverage
              VDMDE3        VDASP3        VDLFL2        VDLFL3        VDLFL4
              ________      ________      ________      ________      ________
 VDMDE3         0.982
 VDASP3         0.936         0.949
 VDLFL2         0.980         0.948         0.996
 VDLFL3         0.981         0.948         0.995         0.997
 VDLFL4         0.952         0.935         0.964         0.965         0.967
 VDLFL5         0.976         0.947         0.990         0.992         0.964
 VDLFL6         0.981         0.947         0.995         0.996         0.965


           Covariance Coverage
              VDLFL5        VDLFL6
              ________      ________
 VDLFL5         0.993
 VDLFL6         0.991         0.998


     PROPORTION OF DATA PRESENT FOR Y


           Covariance Coverage
              VDMDE1Z       VDMDE2Z       VDMDE4Z       VDMDE5Z       VDMRE1Z
              ________      ________      ________      ________      ________
 VDMDE1Z        0.995
 VDMDE2Z        0.988         0.991
 VDMDE4Z        0.984         0.982         0.987
 VDMDE5Z        0.993         0.991         0.987         0.996
 VDMRE1Z        0.992         0.987         0.984         0.991         0.993
 VDMRE2Z        0.967         0.968         0.961         0.968         0.966
 VDEXF1Z        0.979         0.978         0.977         0.982         0.979
 VDEXF2Z        0.843         0.843         0.844         0.844         0.843
 VDEXF7Z        0.826         0.826         0.827         0.827         0.827
 VDASP1Z        0.944         0.943         0.946         0.946         0.944
 VDASP2Z        0.957         0.956         0.958         0.959         0.957
 VDASP4Z        0.984         0.980         0.978         0.983         0.982
 VDASP5Z        0.953         0.950         0.952         0.953         0.952
 VDLFL1Z        0.995         0.991         0.987         0.996         0.993
 VDORI1Z        0.994         0.990         0.987         0.994         0.991
 VDVIS1Z        0.985         0.982         0.987         0.987         0.984


           Covariance Coverage
              VDMRE2Z       VDEXF1Z       VDEXF2Z       VDEXF7Z       VDASP1Z
              ________      ________      ________      ________      ________
 VDMRE2Z        0.968
 VDEXF1Z        0.958         0.982
 VDEXF2Z        0.832         0.843         0.844
 VDEXF7Z        0.817         0.825         0.754         0.827
 VDASP1Z        0.928         0.944         0.836         0.817         0.947
 VDASP2Z        0.937         0.955         0.842         0.820         0.936
 VDASP4Z        0.959         0.972         0.842         0.826         0.941
 VDASP5Z        0.932         0.949         0.833         0.814         0.934
 VDLFL1Z        0.968         0.982         0.844         0.827         0.947
 VDORI1Z        0.967         0.981         0.844         0.827         0.947
 VDVIS1Z        0.961         0.977         0.844         0.827         0.946


           Covariance Coverage
              VDASP2Z       VDASP4Z       VDASP5Z       VDLFL1Z       VDORI1Z
              ________      ________      ________      ________      ________
 VDASP2Z        0.959
 VDASP4Z        0.952         0.986
 VDASP5Z        0.938         0.949         0.955
 VDLFL1Z        0.959         0.986         0.955         0.999
 VDORI1Z        0.958         0.985         0.955         0.998         0.998
 VDVIS1Z        0.958         0.978         0.952         0.988         0.987


           Covariance Coverage
              VDVIS1Z
              ________
 VDVIS1Z        0.988


UNIVARIATE PROPORTIONS AND COUNTS FOR CATEGORICAL VARIABLES

    VDMDE3
      Category 1    0.092          304.000
      Category 2    0.233          765.000
      Category 3    0.675         2218.000
    VDASP3
      Category 1    0.016           52.000
      Category 2    0.027           87.000
      Category 3    0.050          159.000
      Category 4    0.106          338.000
      Category 5    0.047          150.000
      Category 6    0.753         2390.000
    VDLFL2
      Category 1    0.086          287.000
      Category 2    0.914         3047.000
    VDLFL3
      Category 1    0.012           40.000
      Category 2    0.988         3298.000
    VDLFL4
      Category 1    0.066          213.000
      Category 2    0.934         3023.000
    VDLFL5
      Category 1    0.039          129.000
      Category 2    0.961         3195.000
    VDLFL6
      Category 1    0.036          121.000
      Category 2    0.209          698.000
      Category 3    0.755         2522.000



UNIVARIATE SAMPLE STATISTICS


     UNIVARIATE HIGHER-ORDER MOMENT DESCRIPTIVE STATISTICS

         Variable/         Mean/     Skewness/   Minimum/ % with                Percentiles
        Sample Size      Variance    Kurtosis    Maximum  Min/Max      20%/60%    40%/80%    Median

     VDMDE1Z               0.511      -0.283       0.000    8.29%       0.300      0.500      0.500
            3331.000       0.070      -0.654       1.000    3.21%       0.600      0.700
     VDMDE2Z               0.290       0.244       0.000   18.82%       0.040      0.200      0.280
            3316.000       0.047      -0.915       1.000    0.03%       0.360      0.480
     VDMDE4Z               0.528      -0.174       0.000    9.92%       0.273      0.455      0.545
            3305.000       0.087      -0.842       1.000    9.80%       0.636      0.818
     VDMDE5Z               0.415      -0.219       0.000   20.95%       0.000      0.417      0.500
            3332.000       0.078      -1.124       1.000    0.57%       0.500      0.667
     VDMRE1Z               0.926      -2.537       0.000    0.06%       0.900      0.950      0.950
            3323.000       0.014       8.514       1.000   49.77%       1.000      1.000
     VDMRE2Z               0.686      -0.663       0.000    0.37%       0.533      0.667      0.733
            3239.000       0.033       0.520       1.000    2.78%       0.733      0.867
     VDEXF1Z               0.729      -0.982       0.000    0.76%       0.529      0.706      0.765
            3287.000       0.047       0.633       1.000    9.16%       0.823      0.941
     VDEXF2Z               0.428      -0.142       0.000    1.03%       0.251      0.384      0.432
            2826.000       0.040      -0.643       1.000    0.04%       0.495      0.608
     VDEXF7Z               0.648      -0.787       0.000    0.72%       0.526      0.623      0.663
            2769.000       0.032       1.661       1.000    3.61%       0.686      0.783
     VDASP1Z               0.458      -0.216       0.000    0.44%       0.296      0.423      0.465
            3168.000       0.031      -0.445       1.000    0.03%       0.507      0.620
     VDASP2Z               0.397      -0.706       0.000    0.16%       0.319      0.389      0.412
            3210.000       0.011       1.040       1.000    0.03%       0.432      0.479
     VDASP4Z               0.366      -0.199       0.000    1.88%       0.263      0.350      0.375
            3300.000       0.020       0.519       1.000    0.03%       0.400      0.475
     VDASP5Z               0.399      -0.141       0.000    0.84%       0.297      0.378      0.405
            3197.000       0.020       0.381       1.000    0.03%       0.432      0.514
     VDLFL1Z               0.371       0.255       0.000    0.84%       0.233      0.326      0.372
            3345.000       0.023       0.116       1.000    0.03%       0.395      0.488
     VDORI1Z               0.932      -3.238       0.000    0.06%       0.900      1.000      1.000
            3340.000       0.018      12.660       1.000   64.55%       1.000      1.000
     VDVIS1Z               0.743      -0.585       0.000    0.33%       0.545      0.636      0.727
            3308.000       0.045      -0.162       1.000   21.61%       0.818      1.000


THE MODEL ESTIMATION TERMINATED NORMALLY



MODEL FIT INFORMATION

Number of Free Parameters                        0

Loglikelihood

          H0 Value                       19028.346

Information Criteria

          Akaike (AIC)                  -38056.692
          Bayesian (BIC)                -38056.692
          Sample-Size Adjusted BIC      -38056.692
            (n* = (n + 2) / 24)

Chi-Square Test of Model Fit for the Binary and Ordered Categorical
(Ordinal) Outcomes**

          Pearson Chi-Square

          Value                           1124.713
          Degrees of Freedom                   829
          P-Value                           0.0000

          Likelihood Ratio Chi-Square

          Value                            389.542
          Degrees of Freedom                   829
          P-Value                           1.0000

** Of the 4462 cells in the frequency table, 34
   were deleted in the calculation of chi-square due to extreme values.

Chi-Square Test for MCAR under the Unrestricted Latent Class Indicator Model

          Pearson Chi-Square

          Value                           2006.118
          Degrees of Freedom                  3570
          P-Value                           1.0000

          Likelihood Ratio Chi-Square

          Value                            652.800
          Degrees of Freedom                  3570
          P-Value                           1.0000



MODEL RESULTS

                                                    Two-Tailed
                    Estimate       S.E.  Est./S.E.    P-Value

 MEM      BY
    VDMDE1Z            1.000      0.000    999.000    999.000
    VDMDE2Z            0.762      0.000    999.000    999.000
    VDMDE3             4.468      0.000    999.000    999.000
    VDMDE4Z            1.014      0.000    999.000    999.000
    VDMDE5Z            0.850      0.000    999.000    999.000
    VDMRE1Z            0.369      0.000    999.000    999.000
    VDMRE2Z            0.530      0.000    999.000    999.000

 EXF      BY
    VDEXF1Z            1.000      0.000    999.000    999.000
    VDEXF2Z            1.141      0.000    999.000    999.000
    VDEXF7Z            0.875      0.000    999.000    999.000
    VDASP1Z            1.081      0.000    999.000    999.000
    VDASP2Z            0.568      0.000    999.000    999.000
    VDASP3             4.652      0.000    999.000    999.000
    VDASP4Z            0.644      0.000    999.000    999.000
    VDASP5Z            0.670      0.000    999.000    999.000

 LFL      BY
    VDLFL1Z            1.000      0.000    999.000    999.000
    VDLFL2             8.242      0.000    999.000    999.000
    VDLFL3             6.853      0.000    999.000    999.000
    VDLFL4             5.450      0.000    999.000    999.000
    VDLFL5             4.690      0.000    999.000    999.000
    VDLFL6             5.229      0.000    999.000    999.000

 GCP      BY
    VDORI1Z            0.444      0.000    999.000    999.000
    VDVIS1Z            0.700      0.000    999.000    999.000

 CERADWL  BY
    VDMDE1Z            1.000      0.000    999.000    999.000
    VDMRE1Z            1.000      0.000    999.000    999.000

 LM       BY
    VDMDE2Z            1.000      0.000    999.000    999.000
    VDMRE2Z            1.000      0.000    999.000    999.000

 GCP      BY
    MEM                1.000      0.000    999.000    999.000
    EXF                0.797      0.000    999.000    999.000
    LFL                0.572      0.000    999.000    999.000

 MEM      WITH
    CERADWL            0.000      0.000    999.000    999.000
    LM                 0.000      0.000    999.000    999.000

 CERADWL  WITH
    LM                 0.000      0.000    999.000    999.000
    GCP                0.000      0.000    999.000    999.000
    EXF                0.000      0.000    999.000    999.000
    LFL                0.000      0.000    999.000    999.000
    VDORI1Z            0.000      0.000    999.000    999.000
    VDVIS1Z            0.000      0.000    999.000    999.000

 LM       WITH
    GCP                0.000      0.000    999.000    999.000
    EXF                0.000      0.000    999.000    999.000
    LFL                0.000      0.000    999.000    999.000
    VDORI1Z            0.000      0.000    999.000    999.000
    VDVIS1Z            0.000      0.000    999.000    999.000

 Intercepts
    VDMDE1Z            0.509      0.000    999.000    999.000
    VDMDE2Z            0.288      0.000    999.000    999.000
    VDMDE4Z            0.524      0.000    999.000    999.000
    VDMDE5Z            0.414      0.000    999.000    999.000
    VDMRE1Z            0.925      0.000    999.000    999.000
    VDMRE2Z            0.680      0.000    999.000    999.000
    VDEXF1Z            0.724      0.000    999.000    999.000
    VDEXF2Z            0.386      0.000    999.000    999.000
    VDEXF7Z            0.614      0.000    999.000    999.000
    VDASP1Z            0.441      0.000    999.000    999.000
    VDASP2Z            0.391      0.000    999.000    999.000
    VDASP4Z            0.363      0.000    999.000    999.000
    VDASP5Z            0.392      0.000    999.000    999.000
    VDLFL1Z            0.371      0.000    999.000    999.000
    VDORI1Z            0.931      0.000    999.000    999.000
    VDVIS1Z            0.741      0.000    999.000    999.000

 Thresholds
    VDMDE3$1          -1.789      0.000    999.000    999.000
    VDMDE3$2          -0.540      0.000    999.000    999.000
    VDASP3$1          -2.647      0.000    999.000    999.000
    VDASP3$2          -2.084      0.000    999.000    999.000
    VDASP3$3          -1.563      0.000    999.000    999.000
    VDASP3$4          -0.959      0.000    999.000    999.000
    VDASP3$5          -0.763      0.000    999.000    999.000
    VDLFL2$1          -1.842      0.000    999.000    999.000
    VDLFL3$1          -2.911      0.000    999.000    999.000
    VDLFL4$1          -1.724      0.000    999.000    999.000
    VDLFL5$1          -1.995      0.000    999.000    999.000
    VDLFL6$1          -2.096      0.000    999.000    999.000
    VDLFL6$2          -0.779      0.000    999.000    999.000

 Variances
    GCP                0.034      0.000    999.000    999.000
    CERADWL            0.003      0.000    999.000    999.000
    LM                 0.006      0.000    999.000    999.000

 Residual Variances
    VDMDE1Z            0.023      0.000    999.000    999.000
    VDMDE2Z            0.016      0.000    999.000    999.000
    VDMDE4Z            0.042      0.000    999.000    999.000
    VDMDE5Z            0.046      0.000    999.000    999.000
    VDMRE1Z            0.005      0.000    999.000    999.000
    VDMRE2Z            0.015      0.000    999.000    999.000
    VDEXF1Z            0.021      0.000    999.000    999.000
    VDEXF2Z            0.017      0.000    999.000    999.000
    VDEXF7Z            0.019      0.000    999.000    999.000
    VDASP1Z            0.006      0.000    999.000    999.000
    VDASP2Z            0.004      0.000    999.000    999.000
    VDASP4Z            0.010      0.000    999.000    999.000
    VDASP5Z            0.010      0.000    999.000    999.000
    VDLFL1Z            0.011      0.000    999.000    999.000
    VDORI1Z            0.012      0.000    999.000    999.000
    VDVIS1Z            0.029      0.000    999.000    999.000
    MEM                0.010      0.000    999.000    999.000
    EXF                0.004      0.000    999.000    999.000
    LFL                0.001      0.000    999.000    999.000


QUALITY OF NUMERICAL RESULTS

     Condition Number for the Information Matrix              0.100E+01
       (ratio of smallest to largest eigenvalue)


RESULTS IN PROBABILITY SCALE

                    Estimate

 VDMDE3
    Category 1         0.096
    Category 2         0.251
    Category 3         0.653
 VDASP3
    Category 1         0.017
    Category 2         0.031
    Category 3         0.058
    Category 4         0.116
    Category 5         0.049
    Category 6         0.729
 VDLFL2
    Category 1         0.085
    Category 2         0.915
 VDLFL3
    Category 1         0.010
    Category 2         0.990
 VDLFL4
    Category 1         0.069
    Category 2         0.931
 VDLFL5
    Category 1         0.038
    Category 2         0.962
 VDLFL6
    Category 1         0.034
    Category 2         0.215
    Category 3         0.751


STANDARDIZED MODEL RESULTS


STDYX Standardization

                                                    Two-Tailed
                    Estimate       S.E.  Est./S.E.    P-Value

 MEM      BY
    VDMDE1Z            0.792      0.000    999.000    999.000
    VDMDE2Z            0.734      0.000    999.000    999.000
    VDMDE3             0.685      0.000    999.000    999.000
    VDMDE4Z            0.720      0.000    999.000    999.000
    VDMDE5Z            0.641      0.000    999.000    999.000
    VDMRE1Z            0.658      0.000    999.000    999.000
    VDMRE2Z            0.609      0.000    999.000    999.000

 EXF      BY
    VDEXF1Z            0.741      0.000    999.000    999.000
    VDEXF2Z            0.815      0.000    999.000    999.000
    VDEXF7Z            0.716      0.000    999.000    999.000
    VDASP1Z            0.914      0.000    999.000    999.000
    VDASP2Z            0.829      0.000    999.000    999.000
    VDASP3             0.599      0.000    999.000    999.000
    VDASP4Z            0.718      0.000    999.000    999.000
    VDASP5Z            0.737      0.000    999.000    999.000

 LFL      BY
    VDLFL1Z            0.721      0.000    999.000    999.000
    VDLFL2             0.669      0.000    999.000    999.000
    VDLFL3             0.599      0.000    999.000    999.000
    VDLFL4             0.511      0.000    999.000    999.000
    VDLFL5             0.455      0.000    999.000    999.000
    VDLFL6             0.496      0.000    999.000    999.000

 GCP      BY
    VDORI1Z            0.607      0.000    999.000    999.000
    VDVIS1Z            0.607      0.000    999.000    999.000

 CERADWL  BY
    VDMDE1Z            0.217      0.000    999.000    999.000
    VDMRE1Z            0.487      0.000    999.000    999.000

 LM       BY
    VDMDE2Z            0.358      0.000    999.000    999.000
    VDMRE2Z            0.426      0.000    999.000    999.000

 GCP      BY
    MEM                0.877      0.000    999.000    999.000
    EXF                0.914      0.000    999.000    999.000
    LFL                0.968      0.000    999.000    999.000

 MEM      WITH
    CERADWL            0.000      0.000    999.000    999.000
    LM                 0.000      0.000    999.000    999.000

 CERADWL  WITH
    LM                 0.000      0.000    999.000    999.000
    GCP                0.000      0.000    999.000    999.000
    EXF                0.000      0.000    999.000    999.000
    LFL                0.000      0.000    999.000    999.000
    VDORI1Z            0.000      0.000    999.000    999.000
    VDVIS1Z            0.000      0.000    999.000    999.000

 LM       WITH
    GCP                0.000      0.000    999.000    999.000
    EXF                0.000      0.000    999.000    999.000
    LFL                0.000      0.000    999.000    999.000
    VDORI1Z            0.000      0.000    999.000    999.000
    VDVIS1Z            0.000      0.000    999.000    999.000

 Intercepts
    VDMDE1Z            1.917      0.000    999.000    999.000
    VDMDE2Z            1.318      0.000    999.000    999.000
    VDMDE4Z            1.770      0.000    999.000    999.000
    VDMDE5Z            1.482      0.000    999.000    999.000
    VDMRE1Z            7.836      0.000    999.000    999.000
    VDMRE2Z            3.708      0.000    999.000    999.000
    VDEXF1Z            3.337      0.000    999.000    999.000
    VDEXF2Z            1.715      0.000    999.000    999.000
    VDEXF7Z            3.120      0.000    999.000    999.000
    VDASP1Z            2.317      0.000    999.000    999.000
    VDASP2Z            3.545      0.000    999.000    999.000
    VDASP4Z            2.518      0.000    999.000    999.000
    VDASP5Z            2.679      0.000    999.000    999.000
    VDLFL1Z            2.451      0.000    999.000    999.000
    VDORI1Z            6.889      0.000    999.000    999.000
    VDVIS1Z            3.485      0.000    999.000    999.000

 Thresholds
    VDMDE3$1          -1.303      0.000    999.000    999.000
    VDMDE3$2          -0.394      0.000    999.000    999.000
    VDASP3$1          -2.119      0.000    999.000    999.000
    VDASP3$2          -1.668      0.000    999.000    999.000
    VDASP3$3          -1.251      0.000    999.000    999.000
    VDASP3$4          -0.768      0.000    999.000    999.000
    VDASP3$5          -0.611      0.000    999.000    999.000
    VDLFL2$1          -1.370      0.000    999.000    999.000
    VDLFL3$1          -2.331      0.000    999.000    999.000
    VDLFL4$1          -1.482      0.000    999.000    999.000
    VDLFL5$1          -1.776      0.000    999.000    999.000
    VDLFL6$1          -1.821      0.000    999.000    999.000
    VDLFL6$2          -0.677      0.000    999.000    999.000

 Variances
    GCP                1.000      0.000    999.000    999.000
    CERADWL            1.000      0.000    999.000    999.000
    LM                 1.000      0.000    999.000    999.000

 Residual Variances
    VDMDE1Z            0.326      0.000    999.000    999.000
    VDMDE2Z            0.333      0.000    999.000    999.000
    VDMDE4Z            0.481      0.000    999.000    999.000
    VDMDE5Z            0.589      0.000    999.000    999.000
    VDMRE1Z            0.329      0.000    999.000    999.000
    VDMRE2Z            0.448      0.000    999.000    999.000
    VDEXF1Z            0.451      0.000    999.000    999.000
    VDEXF2Z            0.336      0.000    999.000    999.000
    VDEXF7Z            0.488      0.000    999.000    999.000
    VDASP1Z            0.165      0.000    999.000    999.000
    VDASP2Z            0.312      0.000    999.000    999.000
    VDASP4Z            0.485      0.000    999.000    999.000
    VDASP5Z            0.457      0.000    999.000    999.000
    VDLFL1Z            0.480      0.000    999.000    999.000
    VDORI1Z            0.632      0.000    999.000    999.000
    VDVIS1Z            0.631      0.000    999.000    999.000
    MEM                0.230      0.000    999.000    999.000
    EXF                0.165      0.000    999.000    999.000
    LFL                0.062      0.000    999.000    999.000


R-SQUARE

    Observed                                        Two-Tailed
    Variable        Estimate       S.E.  Est./S.E.    P-Value

    VDMDE3             0.469      0.000    999.000    999.000
    VDASP3             0.359      0.000    999.000    999.000
    VDLFL2             0.447      0.000    999.000    999.000
    VDLFL3             0.359      0.000    999.000    999.000
    VDLFL4             0.261      0.000    999.000    999.000
    VDLFL5             0.207      0.000    999.000    999.000
    VDLFL6             0.246      0.000    999.000    999.000
    VDMDE1Z            0.674      0.000    999.000    999.000
    VDMDE2Z            0.667      0.000    999.000    999.000
    VDMDE4Z            0.519      0.000    999.000    999.000
    VDMDE5Z            0.411      0.000    999.000    999.000
    VDMRE1Z            0.671      0.000    999.000    999.000
    VDMRE2Z            0.552      0.000    999.000    999.000
    VDEXF1Z            0.549      0.000    999.000    999.000
    VDEXF2Z            0.664      0.000    999.000    999.000
    VDEXF7Z            0.512      0.000    999.000    999.000
    VDASP1Z            0.835      0.000    999.000    999.000
    VDASP2Z            0.688      0.000    999.000    999.000
    VDASP4Z            0.515      0.000    999.000    999.000
    VDASP5Z            0.543      0.000    999.000    999.000
    VDLFL1Z            0.520      0.000    999.000    999.000
    VDORI1Z            0.368      0.000    999.000    999.000
    VDVIS1Z            0.369      0.000    999.000    999.000

     Latent                                         Two-Tailed
    Variable        Estimate       S.E.  Est./S.E.    P-Value

    MEM                0.770      0.000    999.000    999.000
    EXF                0.835      0.000    999.000    999.000
    LFL                0.938      0.000    999.000    999.000


MODEL COMMAND WITH FINAL ESTIMATES USED AS STARTING VALUES

     mem BY vdmde1z@1;
     mem BY vdmde2z@0.76200;
     mem BY vdmde3@4.46849;
     mem BY vdmde4z@1.01402;
     mem BY vdmde5z@0.85007;
     mem BY vdmre1z@0.36937;
     mem BY vdmre2z@0.53030;
     exf BY vdexf1z@1;
     exf BY vdexf2z@1.14056;
     exf BY vdexf7z@0.87502;
     exf BY vdasp1z@1.08077;
     exf BY vdasp2z@0.56779;
     exf BY vdasp3@4.65159;
     exf BY vdasp4z@0.64376;
     exf BY vdasp5z@0.66997;
     lfl BY vdlfl1z@1;
     lfl BY vdlfl2@8.24192;
     lfl BY vdlfl3@6.85316;
     lfl BY vdlfl4@5.45016;
     lfl BY vdlfl5@4.68965;
     lfl BY vdlfl6@5.22946;
     gcp BY vdori1z@0.44435;
     gcp BY vdvis1z@0.69963;
     ceradwl BY vdmde1z@1;
     ceradwl BY vdmre1z@1;
     lm BY vdmde2z@1;
     lm BY vdmre2z@1;

     gcp BY mem@1;
     gcp BY exf@0.79659;
     gcp BY lfl@0.57217;

     mem WITH ceradwl@0;
     mem WITH lm@0;
     ceradwl WITH lm@0;
     ceradwl WITH gcp@0;
     ceradwl WITH exf@0;
     ceradwl WITH lfl@0;
     ceradwl WITH vdori1z@0;
     ceradwl WITH vdvis1z@0;
     lm WITH gcp@0;
     lm WITH exf@0;
     lm WITH lfl@0;
     lm WITH vdori1z@0;
     lm WITH vdvis1z@0;

     [ vdmde1z@0.50931 ];
     [ vdmde2z@0.28774 ];
     [ vdmde4z@0.52432 ];
     [ vdmde5z@0.41371 ];
     [ vdmre1z@0.92529 ];
     [ vdmre2z@0.67999 ];
     [ vdexf1z@0.72446 ];
     [ vdexf2z@0.38623 ];
     [ vdexf7z@0.61359 ];
     [ vdasp1z@0.44089 ];
     [ vdasp2z@0.39053 ];
     [ vdasp4z@0.36335 ];
     [ vdasp5z@0.39204 ];
     [ vdlfl1z@0.37090 ];
     [ vdori1z@0.93140 ];
     [ vdvis1z@0.74105 ];

     [ vdmde3$1@-1.78916 ];
     [ vdmde3$2@-0.54022 ];
     [ vdasp3$1@-2.64725 ];
     [ vdasp3$2@-2.08388 ];
     [ vdasp3$3@-1.56262 ];
     [ vdasp3$4@-0.95883 ];
     [ vdasp3$5@-0.76274 ];
     [ vdlfl2$1@-1.84180 ];
     [ vdlfl3$1@-2.91083 ];
     [ vdlfl4$1@-1.72385 ];
     [ vdlfl5$1@-1.99470 ];
     [ vdlfl6$1@-2.09633 ];
     [ vdlfl6$2@-0.77941 ];

     vdmde1z@0.02299;
     vdmde2z@0.01586;
     vdmde4z@0.04223;
     vdmde5z@0.04589;
     vdmre1z@0.00459;
     vdmre2z@0.01508;
     vdexf1z@0.02125;
     vdexf2z@0.01702;
     vdexf7z@0.01886;
     vdasp1z@0.00597;
     vdasp2z@0.00379;
     vdasp4z@0.01010;
     vdasp5z@0.00979;
     vdlfl1z@0.01100;
     vdori1z@0.01155;
     vdvis1z@0.02854;
     mem@0.01021;
     exf@0.00426;
     lfl@0.00074;
     gcp@0.03409;
     ceradwl@0.00331;
     lm@0.00610;



SAMPLE STATISTICS FOR ESTIMATED FACTOR SCORES


     SAMPLE STATISTICS


           Means
              MEM           MEM_SE        EXF           EXF_SE        LFL
              ________      ________      ________      ________      ________
                0.001         0.072         0.000         0.041         0.000


           Means
              LFL_SE        GCP           CERADWL       LM
              ________      ________      ________      ________
                0.042         0.000         0.000         0.000


           Covariances
              MEM           MEM_SE        EXF           EXF_SE        LFL
              ________      ________      ________      ________      ________
 MEM            0.039
 MEM_SE         0.000         0.000
 EXF            0.027         0.000         0.025
 EXF_SE         0.000         0.000         0.000         0.000
 LFL            0.019         0.000         0.015         0.000         0.010
 LFL_SE         0.000         0.000         0.000         0.000         0.000
 GCP            0.033         0.000         0.026         0.000         0.018
 CERADWL        0.001         0.000         0.000         0.000         0.000
 LM             0.001         0.000         0.000         0.000         0.000


           Covariances
              LFL_SE        GCP           CERADWL       LM
              ________      ________      ________      ________
 LFL_SE         0.000
 GCP            0.000         0.031
 CERADWL        0.000         0.000         0.001
 LM             0.000         0.000         0.000         0.002


           Correlations
              MEM           MEM_SE        EXF           EXF_SE        LFL
              ________      ________      ________      ________      ________
 MEM            1.000
 MEM_SE         0.010         1.000
 EXF            0.862        -0.002         1.000
 EXF_SE        -0.367         0.454        -0.415         1.000
 LFL            0.935        -0.007         0.956        -0.423         1.000
 LFL_SE         0.275         0.585         0.264         0.565         0.289
 GCP            0.943        -0.007         0.966        -0.426         0.997
 CERADWL        0.159        -0.086        -0.013        -0.130         0.041
 LM             0.152         0.032         0.010         0.050         0.047


           Correlations
              LFL_SE        GCP           CERADWL       LM
              ________      ________      ________      ________
 LFL_SE         1.000
 GCP            0.282         1.000
 CERADWL       -0.092         0.050         1.000
 LM             0.049         0.048        -0.182         1.000


SAVEDATA INFORMATION


  Save file
    eapgcp.dat

  Order and format of variables

    VDMDE3         F10.3
    VDASP3         F10.3
    VDLFL2         F10.3
    VDLFL3         F10.3
    VDLFL4         F10.3
    VDLFL5         F10.3
    VDLFL6         F10.3
    VDMDE1Z        F10.3
    VDMDE2Z        F10.3
    VDMDE4Z        F10.3
    VDMDE5Z        F10.3
    VDMRE1Z        F10.3
    VDMRE2Z        F10.3
    VDEXF1Z        F10.3
    VDEXF2Z        F10.3
    VDEXF7Z        F10.3
    VDASP1Z        F10.3
    VDASP2Z        F10.3
    VDASP4Z        F10.3
    VDASP5Z        F10.3
    VDLFL1Z        F10.3
    VDORI1Z        F10.3
    VDVIS1Z        F10.3
    MEM            F10.3
    MEM_SE         F10.3
    EXF            F10.3
    EXF_SE         F10.3
    LFL            F10.3
    LFL_SE         F10.3
    GCP            F10.3
    CERADWL        F10.3
    LM             F10.3
    RNJID          I5

  Save file format
    32F10.3 I5

  Save file record length    10000

  Save missing symbol        *


     Beginning Time:  11:13:45
        Ending Time:  11:14:30
       Elapsed Time:  00:00:45



MUTHEN & MUTHEN
3463 Stoner Ave.
Los Angeles, CA  90066

Tel: (310) 391-9971
Fax: (310) 391-8971
Web: www.StatModel.com
Support: Support@StatModel.com

Copyright (c) 1998-2023 Muthen & Muthen
