Mplus VERSION 8.10 (Mac)
MUTHEN & MUTHEN
10/02/2023  10:41 AM

INPUT INSTRUCTIONS

  TITLE:
    Variable List -

    vdmde1z : vdmde1z = (vdmde1 - .001658167546)/ 10.00331634
    vdmde2z : vdmde2z = (vdmde2 - .003397320931)/ 25.00679464
    vdmde3 : MMSE 3 word delayed recall (0-3)
      0: 0-1
      1: 2
      2: 3
    vdmde4z : vdmde4z = (vdmde4 - .002028464166)/ 11.00405693
    vdmde5z : vdmde5z = (vdmde5 - .002091814299)/ 12.00418363
    vdmre1z : vdmre1z = (vdmre1 - .001473172551)/ 20.00294635
    vdmre2z : vdmre2z = (vdmre2 - .001699376703)/ 15.00339875
    rnjid :

  DATA:
    FILE = __000001.dat ;
  VARIABLE:
    NAMES =
      vdmde1z vdmde2z vdmde3 vdmde4z vdmde5z vdmre1z vdmre2z rnjid ;
    MISSING ARE ALL (-9999) ;
    CATEGORICAL =
      vdmde3
      ;
    IDVARIABLE = rnjid ;
  ANALYSIS:
  estimator=bayes ;

  OUTPUT:
  MODEL:
  [vdmde1z*0.51134] ;
  [vdmde2z*0.29012] ;
  [vdmde4z*0.52790] ;
  [vdmde5z*0.41530] ;
  [vdmre1z*0.92627] ;
  [vdmre2z*0.68603] ;
  [vdmde3$1*-1.87658] ;
  [vdmde3$2*-0.64150] ;
  mem by vdmde1z@1 ;
  mem by vdmde2z*0.72452 ;
  mem by vdmde3*4.62976 ;
  mem by vdmde4z*0.91400 ;
  mem by vdmde5z*0.83326 ;
  mem by vdmre1z*0.36617 ;
  mem by vdmre2z*0.49551 ;
  ceradwl by vdmde1z@1 ;
  ceradwl by vdmre1z@1 ;
  lm by vdmde2z@1 ;
  lm by vdmre2z@1 ;
  mem with ceradwl@0 ;
  mem with lm@0 ;
  ceradwl with lm@0 ;
  vdmde1z*0.02109 ;
  vdmde2z*0.01620 ;
  vdmde4z*0.04783 ;
  vdmde5z*0.04519 ;
  vdmre1z*0.00522 ;
  vdmre2z*0.01489 ;
  mem*0.04684 ;
  ceradwl*0.00238 ;
  lm*0.00644 ;




*** WARNING
  Data set contains cases with missing on all variables.
  These cases were not included in the analysis.
  Number of cases with missing on all variables:  151
   1 WARNING(S) FOUND IN THE INPUT INSTRUCTIONS




Variable List -

vdmde1z : vdmde1z = (vdmde1 - .001658167546)/ 10.00331634
vdmde2z : vdmde2z = (vdmde2 - .003397320931)/ 25.00679464
vdmde3 : MMSE 3 word delayed recall (0-3)
0: 0-1
1: 2
2: 3
vdmde4z : vdmde4z = (vdmde4 - .002028464166)/ 11.00405693
vdmde5z : vdmde5z = (vdmde5 - .002091814299)/ 12.00418363
vdmre1z : vdmre1z = (vdmre1 - .001473172551)/ 20.00294635
vdmre2z : vdmre2z = (vdmre2 - .001699376703)/ 15.00339875
rnjid :

SUMMARY OF ANALYSIS

Number of groups                                                 1
Number of observations                                        3345

Number of dependent variables                                    7
Number of independent variables                                  0
Number of continuous latent variables                            3

Observed dependent variables

  Continuous
   VDMDE1Z     VDMDE2Z     VDMDE4Z     VDMDE5Z     VDMRE1Z     VDMRE2Z

  Binary and ordered categorical (ordinal)
   VDMDE3

Continuous latent variables
   MEM         CERADWL     LM

Variables with special functions

  ID variable           RNJID

Estimator                                                    BAYES
Specifications for Bayesian Estimation
  Point estimate                                            MEDIAN
  Number of Markov chain Monte Carlo (MCMC) chains               2
  Random seed for the first chain                                0
  Starting value information                           UNPERTURBED
  Algorithm used for Markov chain Monte Carlo           GIBBS(PX1)
  Convergence criterion                                  0.500D-01
  Maximum number of iterations                               50000
  K-th iteration used for thinning                               1
Link                                                        PROBIT

Input data file(s)
  __000001.dat
Input data format  FREE


SUMMARY OF DATA



COVARIANCE COVERAGE OF DATA

Minimum covariance coverage value   0.100

     Number of missing data patterns            26


     PROPORTION OF DATA PRESENT


           Covariance Coverage
              VDMDE3        VDMDE1Z       VDMDE2Z       VDMDE4Z       VDMDE5Z
              ________      ________      ________      ________      ________
 VDMDE3         0.983
 VDMDE1Z        0.979         0.996
 VDMDE2Z        0.977         0.989         0.991
 VDMDE4Z        0.973         0.985         0.983         0.988
 VDMDE5Z        0.980         0.993         0.991         0.987         0.996
 VDMRE1Z        0.977         0.993         0.987         0.984         0.992
 VDMRE2Z        0.956         0.967         0.968         0.961         0.968


           Covariance Coverage
              VDMRE1Z       VDMRE2Z
              ________      ________
 VDMRE1Z        0.993
 VDMRE2Z        0.966         0.968


UNIVARIATE PROPORTIONS AND COUNTS FOR CATEGORICAL VARIABLES

    VDMDE3
      Category 1    0.092          304.000
      Category 2    0.233          765.000
      Category 3    0.675         2218.000



UNIVARIATE SAMPLE STATISTICS


     UNIVARIATE HIGHER-ORDER MOMENT DESCRIPTIVE STATISTICS

         Variable/         Mean/     Skewness/   Minimum/ % with                Percentiles
        Sample Size      Variance    Kurtosis    Maximum  Min/Max      20%/60%    40%/80%    Median

     VDMDE1Z               0.511      -0.283       0.000    8.29%       0.300      0.500      0.500
            3331.000       0.070      -0.654       1.000    3.21%       0.600      0.700
     VDMDE2Z               0.290       0.244       0.000   18.82%       0.040      0.200      0.280
            3316.000       0.047      -0.915       1.000    0.03%       0.360      0.480
     VDMDE4Z               0.528      -0.174       0.000    9.92%       0.273      0.455      0.545
            3305.000       0.087      -0.842       1.000    9.80%       0.636      0.818
     VDMDE5Z               0.415      -0.219       0.000   20.95%       0.000      0.417      0.500
            3332.000       0.078      -1.124       1.000    0.57%       0.500      0.667
     VDMRE1Z               0.926      -2.537       0.000    0.06%       0.900      0.950      0.950
            3323.000       0.014       8.514       1.000   49.77%       1.000      1.000
     VDMRE2Z               0.686      -0.663       0.000    0.37%       0.533      0.667      0.733
            3239.000       0.033       0.520       1.000    2.78%       0.733      0.867


THE MODEL ESTIMATION TERMINATED NORMALLY

     USE THE FBITERATIONS OPTION TO INCREASE THE NUMBER OF ITERATIONS BY A FACTOR
     OF AT LEAST TWO TO CHECK CONVERGENCE AND THAT THE PSR VALUE DOES NOT INCREASE.



MODEL FIT INFORMATION

Number of Free Parameters                              23

Bayesian Posterior Predictive Checking using Chi-Square

          95% Confidence Interval for the Difference Between
          the Observed and the Replicated Chi-Square Values

                                122.323           169.225

          Posterior Predictive P-Value              0.000



MODEL RESULTS

                                Posterior  One-Tailed         95% C.I.
                    Estimate       S.D.      P-Value   Lower 2.5%  Upper 2.5%  Significance

 MEM      BY
    VDMDE1Z            1.000       0.000      0.000       1.000       1.000
    VDMDE2Z            0.759       0.018      0.000       0.724       0.795      *
    VDMDE3             4.453       0.164      0.000       4.150       4.787      *
    VDMDE4Z            0.918       0.025      0.000       0.869       0.965      *
    VDMDE5Z            0.861       0.024      0.000       0.816       0.911      *
    VDMRE1Z            0.361       0.009      0.000       0.344       0.378      *
    VDMRE2Z            0.513       0.016      0.000       0.482       0.543      *

 CERADWL  BY
    VDMDE1Z            1.000       0.000      0.000       1.000       1.000
    VDMRE1Z            1.000       0.000      0.000       1.000       1.000

 LM       BY
    VDMDE2Z            1.000       0.000      0.000       1.000       1.000
    VDMRE2Z            1.000       0.000      0.000       1.000       1.000

 MEM      WITH
    CERADWL            0.000       0.000      1.000       0.000       0.000
    LM                 0.000       0.000      1.000       0.000       0.000

 CERADWL  WITH
    LM                 0.000       0.000      1.000       0.000       0.000

 Intercepts
    VDMDE1Z            0.510       0.005      0.000       0.501       0.519      *
    VDMDE2Z            0.288       0.004      0.000       0.281       0.296      *
    VDMDE4Z            0.526       0.005      0.000       0.515       0.536      *
    VDMDE5Z            0.414       0.005      0.000       0.405       0.423      *
    VDMRE1Z            0.926       0.002      0.000       0.921       0.930      *
    VDMRE2Z            0.681       0.003      0.000       0.674       0.687      *

 Thresholds
    VDMDE3$1          -1.813       0.050      0.000      -1.909      -1.716      *
    VDMDE3$2          -0.552       0.031      0.000      -0.618      -0.494      *

 Variances
    MEM                0.046       0.002      0.000       0.043       0.050      *
    CERADWL            0.003       0.000      0.000       0.002       0.004      *
    LM                 0.006       0.000      0.000       0.005       0.007      *

 Residual Variances
    VDMDE1Z            0.021       0.001      0.000       0.020       0.023      *
    VDMDE2Z            0.015       0.001      0.000       0.014       0.016      *
    VDMDE4Z            0.049       0.001      0.000       0.046       0.052      *
    VDMDE5Z            0.044       0.001      0.000       0.041       0.046      *
    VDMRE1Z            0.005       0.000      0.000       0.004       0.006      *
    VDMRE2Z            0.016       0.001      0.000       0.014       0.017      *


     Beginning Time:  10:41:20
        Ending Time:  10:41:27
       Elapsed Time:  00:00:07



MUTHEN & MUTHEN
3463 Stoner Ave.
Los Angeles, CA  90066

Tel: (310) 391-9971
Fax: (310) 391-8971
Web: www.StatModel.com
Support: Support@StatModel.com

Copyright (c) 1998-2023 Muthen & Muthen
