Mplus VERSION 8.10 (Mac)
MUTHEN & MUTHEN
10/02/2023  10:40 AM

INPUT INSTRUCTIONS

  TITLE:
    Variable List -

    vdmde1z : vdmde1z = (vdmde1 - .001658167546)/ 10.00331634
    vdmde2z : vdmde2z = (vdmde2 - .003397320931)/ 25.00679464
    vdmde3 : MMSE 3 word delayed recall (0-3)
      0: 0-1
      1: 2
      2: 3
    vdmde4z : vdmde4z = (vdmde4 - .002028464166)/ 11.00405693
    vdmde5z : vdmde5z = (vdmde5 - .002091814299)/ 12.00418363
    vdmre1z : vdmre1z = (vdmre1 - .001473172551)/ 20.00294635
    vdmre2z : vdmre2z = (vdmre2 - .001699376703)/ 15.00339875

  DATA:
    FILE = __000001.dat ;
  VARIABLE:
    NAMES =
      vdmde1z vdmde2z vdmde3 vdmde4z vdmde5z vdmre1z vdmre2z ;
    MISSING ARE ALL (-9999) ;
    CATEGORICAL =
      vdmde3
      ;
  ANALYSIS:
  estimator=mlr ;
  link=probit ;
  integration = montecarlo ;
  algorithm=integration ;

  OUTPUT:
  stdyx ;
  svalues ;

  MODEL:
  [vdmde1z*0.51134] ;
  [vdmde2z*0.29012] ;
  [vdmde4z*0.52790] ;
  [vdmde5z*0.41530] ;
  [vdmre1z*0.92627] ;
  [vdmre2z*0.68603] ;
  [vdmde3$1*-1.87658] ;
  [vdmde3$2*-0.64150] ;
  mem by vdmde1z@1 ;
  mem by vdmde2z*0.72452 ;
  mem by vdmde3*4.62976 ;
  mem by vdmde4z*0.91400 ;
  mem by vdmde5z*0.83326 ;
  mem by vdmre1z*0.36617 ;
  mem by vdmre2z*0.49551 ;
  ceradwl by vdmde1z@1 ;
  ceradwl by vdmre1z@1 ;
  lm by vdmde2z@1 ;
  lm by vdmre2z@1 ;
  mem with ceradwl@0 ;
  mem with lm@0 ;
  ceradwl with lm@0 ;
  vdmde1z*0.02109 ;
  vdmde2z*0.01620 ;
  vdmde4z*0.04783 ;
  vdmde5z*0.04519 ;
  vdmre1z*0.00522 ;
  vdmre2z*0.01489 ;
  mem*0.04684 ;
  ceradwl*0.00238 ;
  lm*0.00644 ;




*** WARNING
  Data set contains cases with missing on all variables.
  These cases were not included in the analysis.
  Number of cases with missing on all variables:  151
   1 WARNING(S) FOUND IN THE INPUT INSTRUCTIONS




Variable List -

vdmde1z : vdmde1z = (vdmde1 - .001658167546)/ 10.00331634
vdmde2z : vdmde2z = (vdmde2 - .003397320931)/ 25.00679464
vdmde3 : MMSE 3 word delayed recall (0-3)
0: 0-1
1: 2
2: 3
vdmde4z : vdmde4z = (vdmde4 - .002028464166)/ 11.00405693
vdmde5z : vdmde5z = (vdmde5 - .002091814299)/ 12.00418363
vdmre1z : vdmre1z = (vdmre1 - .001473172551)/ 20.00294635
vdmre2z : vdmre2z = (vdmre2 - .001699376703)/ 15.00339875

SUMMARY OF ANALYSIS

Number of groups                                                 1
Number of observations                                        3345

Number of dependent variables                                    7
Number of independent variables                                  0
Number of continuous latent variables                            3

Observed dependent variables

  Continuous
   VDMDE1Z     VDMDE2Z     VDMDE4Z     VDMDE5Z     VDMRE1Z     VDMRE2Z

  Binary and ordered categorical (ordinal)
   VDMDE3

Continuous latent variables
   MEM         CERADWL     LM


Estimator                                                      MLR
Information matrix                                        OBSERVED
Optimization Specifications for the Quasi-Newton Algorithm for
Continuous Outcomes
  Maximum number of iterations                                 100
  Convergence criterion                                  0.100D-05
Optimization Specifications for the EM Algorithm
  Maximum number of iterations                                 500
  Convergence criteria
    Loglikelihood change                                 0.100D-02
    Relative loglikelihood change                        0.100D-05
    Derivative                                           0.100D-02
Optimization Specifications for the M step of the EM Algorithm for
Categorical Latent variables
  Number of M step iterations                                    1
  M step convergence criterion                           0.100D-02
  Basis for M step termination                           ITERATION
Optimization Specifications for the M step of the EM Algorithm for
Censored, Binary or Ordered Categorical (Ordinal), Unordered
Categorical (Nominal) and Count Outcomes
  Number of M step iterations                                    1
  M step convergence criterion                           0.100D-02
  Basis for M step termination                           ITERATION
  Maximum value for logit thresholds                            10
  Minimum value for logit thresholds                           -10
  Minimum expected cell size for chi-square              0.100D-01
Maximum number of iterations for H1                           2000
Convergence criterion for H1                             0.100D-03
Optimization algorithm                                         EMA
Integration Specifications
  Type                                                  MONTECARLO
  Number of integration points                                1000
  Dimensions of numerical integration                            1
  Adaptive quadrature                                           ON
  Monte Carlo integration seed                                   0
Link                                                        PROBIT
Cholesky                                                        ON

Input data file(s)
  __000001.dat
Input data format  FREE


SUMMARY OF DATA

     Number of missing data patterns            26
     Number of y missing data patterns          17
     Number of u missing data patterns           2


COVARIANCE COVERAGE OF DATA

Minimum covariance coverage value   0.100


     PROPORTION OF DATA PRESENT


           Covariance Coverage
              VDMDE3        VDMDE1Z       VDMDE2Z       VDMDE4Z       VDMDE5Z
              ________      ________      ________      ________      ________
 VDMDE3         0.983
 VDMDE1Z        0.979         0.996
 VDMDE2Z        0.977         0.989         0.991
 VDMDE4Z        0.973         0.985         0.983         0.988
 VDMDE5Z        0.980         0.993         0.991         0.987         0.996
 VDMRE1Z        0.977         0.993         0.987         0.984         0.992
 VDMRE2Z        0.956         0.967         0.968         0.961         0.968


           Covariance Coverage
              VDMRE1Z       VDMRE2Z
              ________      ________
 VDMRE1Z        0.993
 VDMRE2Z        0.966         0.968


     PROPORTION OF DATA PRESENT FOR U


           Covariance Coverage
              VDMDE3
              ________
 VDMDE3         0.983


     PROPORTION OF DATA PRESENT FOR Y


           Covariance Coverage
              VDMDE1Z       VDMDE2Z       VDMDE4Z       VDMDE5Z       VDMRE1Z
              ________      ________      ________      ________      ________
 VDMDE1Z        0.996
 VDMDE2Z        0.989         0.991
 VDMDE4Z        0.985         0.983         0.988
 VDMDE5Z        0.993         0.991         0.987         0.996
 VDMRE1Z        0.993         0.987         0.984         0.992         0.993
 VDMRE2Z        0.967         0.968         0.961         0.968         0.966


           Covariance Coverage
              VDMRE2Z
              ________
 VDMRE2Z        0.968


UNIVARIATE PROPORTIONS AND COUNTS FOR CATEGORICAL VARIABLES

    VDMDE3
      Category 1    0.092          304.000
      Category 2    0.233          765.000
      Category 3    0.675         2218.000



UNIVARIATE SAMPLE STATISTICS


     UNIVARIATE HIGHER-ORDER MOMENT DESCRIPTIVE STATISTICS

         Variable/         Mean/     Skewness/   Minimum/ % with                Percentiles
        Sample Size      Variance    Kurtosis    Maximum  Min/Max      20%/60%    40%/80%    Median

     VDMDE1Z               0.511      -0.283       0.000    8.29%       0.300      0.500      0.500
            3331.000       0.070      -0.654       1.000    3.21%       0.600      0.700
     VDMDE2Z               0.290       0.244       0.000   18.82%       0.040      0.200      0.280
            3316.000       0.047      -0.915       1.000    0.03%       0.360      0.480
     VDMDE4Z               0.528      -0.174       0.000    9.92%       0.273      0.455      0.545
            3305.000       0.087      -0.842       1.000    9.80%       0.636      0.818
     VDMDE5Z               0.415      -0.219       0.000   20.95%       0.000      0.417      0.500
            3332.000       0.078      -1.124       1.000    0.57%       0.500      0.667
     VDMRE1Z               0.926      -2.537       0.000    0.06%       0.900      0.950      0.950
            3323.000       0.014       8.514       1.000   49.77%       1.000      1.000
     VDMRE2Z               0.686      -0.663       0.000    0.37%       0.533      0.667      0.733
            3239.000       0.033       0.520       1.000    2.78%       0.733      0.867


THE MODEL ESTIMATION TERMINATED NORMALLY



MODEL FIT INFORMATION

Number of Free Parameters                       23

Loglikelihood

          H0 Value                        3908.147
          H0 Scaling Correction Factor      1.2103
            for MLR

Information Criteria

          Akaike (AIC)                   -7770.294
          Bayesian (BIC)                 -7629.644
          Sample-Size Adjusted BIC       -7702.726
            (n* = (n + 2) / 24)

Chi-Square Test of Model Fit for the Binary and Ordered Categorical
(Ordinal) Outcomes

          Pearson Chi-Square

          Value                              4.211
          Degrees of freedom cannot be computed for this model part.

          Likelihood Ratio Chi-Square

          Value                              4.252
          Degrees of freedom cannot be computed for this model part.

Chi-Square Test for MCAR under the Unrestricted Latent Class Indicator Model

          Pearson Chi-Square

          Value                              0.000
          Degrees of Freedom                     0
          P-Value                           1.0000

          Likelihood Ratio Chi-Square

          Value                              0.000
          Degrees of Freedom                     0
          P-Value                           1.0000



MODEL RESULTS

                                                    Two-Tailed
                    Estimate       S.E.  Est./S.E.    P-Value

 MEM      BY
    VDMDE1Z            1.000      0.000    999.000    999.000
    VDMDE2Z            0.758      0.017     43.776      0.000
    VDMDE3             4.487      0.176     25.454      0.000
    VDMDE4Z            0.916      0.021     43.488      0.000
    VDMDE5Z            0.860      0.021     40.094      0.000
    VDMRE1Z            0.361      0.012     29.721      0.000
    VDMRE2Z            0.512      0.018     28.635      0.000

 CERADWL  BY
    VDMDE1Z            1.000      0.000    999.000    999.000
    VDMRE1Z            1.000      0.000    999.000    999.000

 LM       BY
    VDMDE2Z            1.000      0.000    999.000    999.000
    VDMRE2Z            1.000      0.000    999.000    999.000

 MEM      WITH
    CERADWL            0.000      0.000    999.000    999.000
    LM                 0.000      0.000    999.000    999.000

 CERADWL  WITH
    LM                 0.000      0.000    999.000    999.000

 Intercepts
    VDMDE1Z            0.510      0.005    110.996      0.000
    VDMDE2Z            0.289      0.004     76.520      0.000
    VDMDE4Z            0.526      0.005    102.393      0.000
    VDMDE5Z            0.414      0.005     85.814      0.000
    VDMRE1Z            0.926      0.002    449.621      0.000
    VDMRE2Z            0.681      0.003    210.194      0.000

 Thresholds
    VDMDE3$1          -1.821      0.048    -37.841      0.000
    VDMDE3$2          -0.557      0.032    -17.365      0.000

 Variances
    MEM                0.046      0.002     27.930      0.000
    CERADWL            0.003      0.000      7.961      0.000
    LM                 0.006      0.001     11.564      0.000

 Residual Variances
    VDMDE1Z            0.021      0.001     25.488      0.000
    VDMDE2Z            0.015      0.001     22.937      0.000
    VDMDE4Z            0.049      0.001     35.015      0.000
    VDMDE5Z            0.044      0.001     33.243      0.000
    VDMRE1Z            0.005      0.001      9.854      0.000
    VDMRE2Z            0.015      0.001     27.849      0.000


QUALITY OF NUMERICAL RESULTS

     Condition Number for the Information Matrix              0.333E-04
       (ratio of smallest to largest eigenvalue)


RESULTS IN PROBABILITY SCALE

                    Estimate

 VDMDE3
    Category 1         0.095
    Category 2         0.249
    Category 3         0.656


STANDARDIZED MODEL RESULTS


STDYX Standardization

                                                    Two-Tailed
                    Estimate       S.E.  Est./S.E.    P-Value

 MEM      BY
    VDMDE1Z            0.810      0.010     85.039      0.000
    VDMDE2Z            0.747      0.010     76.528      0.000
    VDMDE3             0.694      0.014     48.856      0.000
    VDMDE4Z            0.666      0.012     54.901      0.000
    VDMDE5Z            0.662      0.012     55.389      0.000
    VDMRE1Z            0.658      0.013     50.974      0.000
    VDMRE2Z            0.601      0.015     40.471      0.000

 CERADWL  BY
    VDMDE1Z            0.203      0.013     15.571      0.000
    VDMRE1Z            0.457      0.032     14.252      0.000

 LM       BY
    VDMDE2Z            0.353      0.015     22.936      0.000
    VDMRE2Z            0.420      0.019     22.318      0.000

 MEM      WITH
    CERADWL            0.000      0.000    999.000    999.000
    LM                 0.000      0.000    999.000    999.000

 CERADWL  WITH
    LM                 0.000      0.000    999.000    999.000

 Intercepts
    VDMDE1Z            1.924      0.029     66.463      0.000
    VDMDE2Z            1.325      0.019     70.867      0.000
    VDMDE4Z            1.780      0.026     68.404      0.000
    VDMDE5Z            1.486      0.023     63.732      0.000
    VDMRE1Z            7.853      0.235     33.464      0.000
    VDMRE2Z            3.723      0.062     59.855      0.000

 Thresholds
    VDMDE3$1          -1.311      0.032    -41.097      0.000
    VDMDE3$2          -0.401      0.023    -17.410      0.000

 Variances
    MEM                1.000      0.000    999.000    999.000
    CERADWL            1.000      0.000    999.000    999.000
    LM                 1.000      0.000    999.000    999.000

 Residual Variances
    VDMDE1Z            0.303      0.012     24.360      0.000
    VDMDE2Z            0.317      0.013     23.972      0.000
    VDMDE4Z            0.556      0.016     34.434      0.000
    VDMDE5Z            0.561      0.016     35.440      0.000
    VDMRE1Z            0.358      0.024     14.669      0.000
    VDMRE2Z            0.462      0.014     32.647      0.000


R-SQUARE

    Observed                                        Two-Tailed
    Variable        Estimate       S.E.  Est./S.E.    P-Value

    VDMDE3             0.481      0.020     24.428      0.000
    VDMDE1Z            0.697      0.012     55.954      0.000
    VDMDE2Z            0.683      0.013     51.559      0.000
    VDMDE4Z            0.444      0.016     27.450      0.000
    VDMDE5Z            0.439      0.016     27.695      0.000
    VDMRE1Z            0.642      0.024     26.285      0.000
    VDMRE2Z            0.538      0.014     37.990      0.000


MODEL COMMAND WITH FINAL ESTIMATES USED AS STARTING VALUES

     mem BY vdmde1z@1;
     mem BY vdmde2z*0.75800;
     mem BY vdmde3*4.48677;
     mem BY vdmde4z*0.91644;
     mem BY vdmde5z*0.86007;
     mem BY vdmre1z*0.36122;
     mem BY vdmre2z*0.51171;
     ceradwl BY vdmde1z@1;
     ceradwl BY vdmre1z@1;
     lm BY vdmde2z@1;
     lm BY vdmre2z@1;

     mem WITH ceradwl@0;
     mem WITH lm@0;
     ceradwl WITH lm@0;

     [ vdmde1z*0.51031 ];
     [ vdmde2z*0.28856 ];
     [ vdmde4z*0.52592 ];
     [ vdmde5z*0.41445 ];
     [ vdmre1z*0.92570 ];
     [ vdmre2z*0.68077 ];

     [ vdmde3$1*-1.82109 ];
     [ vdmde3$2*-0.55732 ];

     vdmde1z*0.02134;
     vdmde2z*0.01506;
     vdmde4z*0.04857;
     vdmde5z*0.04364;
     vdmre1z*0.00498;
     vdmre2z*0.01545;
     mem*0.04610;
     ceradwl*0.00290;
     lm*0.00591;



     Beginning Time:  10:40:09
        Ending Time:  10:41:14
       Elapsed Time:  00:01:05



MUTHEN & MUTHEN
3463 Stoner Ave.
Los Angeles, CA  90066

Tel: (310) 391-9971
Fax: (310) 391-8971
Web: www.StatModel.com
Support: Support@StatModel.com

Copyright (c) 1998-2023 Muthen & Muthen
