Mplus VERSION 8.10 (Mac)
MUTHEN & MUTHEN
10/02/2023  10:41 AM

INPUT INSTRUCTIONS

  TITLE:
    Variable List -

    vdmde1z : vdmde1z = (vdmde1 - .001658167546)/ 10.00331634
    vdmde2z : vdmde2z = (vdmde2 - .003397320931)/ 25.00679464
    vdmde3 : MMSE 3 word delayed recall (0-3)
      0: 0-1
      1: 2
      2: 3
    vdmde4z : vdmde4z = (vdmde4 - .002028464166)/ 11.00405693
    vdmde5z : vdmde5z = (vdmde5 - .002091814299)/ 12.00418363
    vdmre1z : vdmre1z = (vdmre1 - .001473172551)/ 20.00294635
    vdmre2z : vdmre2z = (vdmre2 - .001699376703)/ 15.00339875
    rnjid :

  DATA:
    FILE = __000001.dat ;
  VARIABLE:
    NAMES =
      vdmde1z vdmde2z vdmde3 vdmde4z vdmde5z vdmre1z vdmre2z rnjid ;
    MISSING ARE ALL (-9999) ;
    CATEGORICAL =
      vdmde3
      ;
    IDVARIABLE = rnjid ;
  ANALYSIS:
  estimator=mlr ;
  link=probit ;
  integration = montecarlo ;
  algorithm=integration ;

  OUTPUT:
  stdyx ;
  svalues ;

  SAVEDATA:
  save=fscores ;
  file=eapmem.dat ;

  MODEL:
  [vdmde1z@0.51031] ;
  [vdmde2z@0.28856] ;
  [vdmde4z@0.52592] ;
  [vdmde5z@0.41445] ;
  [vdmre1z@0.92570] ;
  [vdmre2z@0.68077] ;
  [vdmde3$1@-1.82109] ;
  [vdmde3$2@-0.55732] ;
  mem by vdmde1z@1 ;
  mem by vdmde2z@0.75800 ;
  mem by vdmde3@4.48677 ;
  mem by vdmde4z@0.91644 ;
  mem by vdmde5z@0.86007 ;
  mem by vdmre1z@0.36122 ;
  mem by vdmre2z@0.51171 ;
  ceradwl by vdmde1z@1 ;
  ceradwl by vdmre1z@1 ;
  lm by vdmde2z@1 ;
  lm by vdmre2z@1 ;
  mem with ceradwl@0 ;
  mem with lm@0 ;
  ceradwl with lm@0 ;
  vdmde1z@0.02134 ;
  vdmde2z@0.01506 ;
  vdmde4z@0.04857 ;
  vdmde5z@0.04364 ;
  vdmre1z@0.00498 ;
  vdmre2z@0.01545 ;
  mem@0.04610 ;
  ceradwl@0.00290 ;
  lm@0.00591 ;




*** WARNING
  Data set contains cases with missing on all variables.
  These cases were not included in the analysis.
  Number of cases with missing on all variables:  151
   1 WARNING(S) FOUND IN THE INPUT INSTRUCTIONS




Variable List -

vdmde1z : vdmde1z = (vdmde1 - .001658167546)/ 10.00331634
vdmde2z : vdmde2z = (vdmde2 - .003397320931)/ 25.00679464
vdmde3 : MMSE 3 word delayed recall (0-3)
0: 0-1
1: 2
2: 3
vdmde4z : vdmde4z = (vdmde4 - .002028464166)/ 11.00405693
vdmde5z : vdmde5z = (vdmde5 - .002091814299)/ 12.00418363
vdmre1z : vdmre1z = (vdmre1 - .001473172551)/ 20.00294635
vdmre2z : vdmre2z = (vdmre2 - .001699376703)/ 15.00339875
rnjid :

SUMMARY OF ANALYSIS

Number of groups                                                 1
Number of observations                                        3345

Number of dependent variables                                    7
Number of independent variables                                  0
Number of continuous latent variables                            3

Observed dependent variables

  Continuous
   VDMDE1Z     VDMDE2Z     VDMDE4Z     VDMDE5Z     VDMRE1Z     VDMRE2Z

  Binary and ordered categorical (ordinal)
   VDMDE3

Continuous latent variables
   MEM         CERADWL     LM

Variables with special functions

  ID variable           RNJID

Estimator                                                      MLR
Information matrix                                        OBSERVED
Optimization Specifications for the Quasi-Newton Algorithm for
Continuous Outcomes
  Maximum number of iterations                                 100
  Convergence criterion                                  0.100D-05
Optimization Specifications for the EM Algorithm
  Maximum number of iterations                                 500
  Convergence criteria
    Loglikelihood change                                 0.100D-02
    Relative loglikelihood change                        0.100D-05
    Derivative                                           0.100D-02
Optimization Specifications for the M step of the EM Algorithm for
Categorical Latent variables
  Number of M step iterations                                    1
  M step convergence criterion                           0.100D-02
  Basis for M step termination                           ITERATION
Optimization Specifications for the M step of the EM Algorithm for
Censored, Binary or Ordered Categorical (Ordinal), Unordered
Categorical (Nominal) and Count Outcomes
  Number of M step iterations                                    1
  M step convergence criterion                           0.100D-02
  Basis for M step termination                           ITERATION
  Maximum value for logit thresholds                            10
  Minimum value for logit thresholds                           -10
  Minimum expected cell size for chi-square              0.100D-01
Maximum number of iterations for H1                           2000
Convergence criterion for H1                             0.100D-03
Optimization algorithm                                         EMA
Integration Specifications
  Type                                                  MONTECARLO
  Number of integration points                                1000
  Dimensions of numerical integration                            1
  Adaptive quadrature                                           ON
  Monte Carlo integration seed                                   0
Link                                                        PROBIT
Cholesky                                                        ON

Input data file(s)
  __000001.dat
Input data format  FREE


SUMMARY OF DATA

     Number of missing data patterns            26
     Number of y missing data patterns          17
     Number of u missing data patterns           2


COVARIANCE COVERAGE OF DATA

Minimum covariance coverage value   0.100


     PROPORTION OF DATA PRESENT


           Covariance Coverage
              VDMDE3        VDMDE1Z       VDMDE2Z       VDMDE4Z       VDMDE5Z
              ________      ________      ________      ________      ________
 VDMDE3         0.983
 VDMDE1Z        0.979         0.996
 VDMDE2Z        0.977         0.989         0.991
 VDMDE4Z        0.973         0.985         0.983         0.988
 VDMDE5Z        0.980         0.993         0.991         0.987         0.996
 VDMRE1Z        0.977         0.993         0.987         0.984         0.992
 VDMRE2Z        0.956         0.967         0.968         0.961         0.968


           Covariance Coverage
              VDMRE1Z       VDMRE2Z
              ________      ________
 VDMRE1Z        0.993
 VDMRE2Z        0.966         0.968


     PROPORTION OF DATA PRESENT FOR U


           Covariance Coverage
              VDMDE3
              ________
 VDMDE3         0.983


     PROPORTION OF DATA PRESENT FOR Y


           Covariance Coverage
              VDMDE1Z       VDMDE2Z       VDMDE4Z       VDMDE5Z       VDMRE1Z
              ________      ________      ________      ________      ________
 VDMDE1Z        0.996
 VDMDE2Z        0.989         0.991
 VDMDE4Z        0.985         0.983         0.988
 VDMDE5Z        0.993         0.991         0.987         0.996
 VDMRE1Z        0.993         0.987         0.984         0.992         0.993
 VDMRE2Z        0.967         0.968         0.961         0.968         0.966


           Covariance Coverage
              VDMRE2Z
              ________
 VDMRE2Z        0.968


UNIVARIATE PROPORTIONS AND COUNTS FOR CATEGORICAL VARIABLES

    VDMDE3
      Category 1    0.092          304.000
      Category 2    0.233          765.000
      Category 3    0.675         2218.000



UNIVARIATE SAMPLE STATISTICS


     UNIVARIATE HIGHER-ORDER MOMENT DESCRIPTIVE STATISTICS

         Variable/         Mean/     Skewness/   Minimum/ % with                Percentiles
        Sample Size      Variance    Kurtosis    Maximum  Min/Max      20%/60%    40%/80%    Median

     VDMDE1Z               0.511      -0.283       0.000    8.29%       0.300      0.500      0.500
            3331.000       0.070      -0.654       1.000    3.21%       0.600      0.700
     VDMDE2Z               0.290       0.244       0.000   18.82%       0.040      0.200      0.280
            3316.000       0.047      -0.915       1.000    0.03%       0.360      0.480
     VDMDE4Z               0.528      -0.174       0.000    9.92%       0.273      0.455      0.545
            3305.000       0.087      -0.842       1.000    9.80%       0.636      0.818
     VDMDE5Z               0.415      -0.219       0.000   20.95%       0.000      0.417      0.500
            3332.000       0.078      -1.124       1.000    0.57%       0.500      0.667
     VDMRE1Z               0.926      -2.537       0.000    0.06%       0.900      0.950      0.950
            3323.000       0.014       8.514       1.000   49.77%       1.000      1.000
     VDMRE2Z               0.686      -0.663       0.000    0.37%       0.533      0.667      0.733
            3239.000       0.033       0.520       1.000    2.78%       0.733      0.867


THE MODEL ESTIMATION TERMINATED NORMALLY



MODEL FIT INFORMATION

Number of Free Parameters                        0

Loglikelihood

          H0 Value                        3907.824

Information Criteria

          Akaike (AIC)                   -7815.647
          Bayesian (BIC)                 -7815.647
          Sample-Size Adjusted BIC       -7815.647
            (n* = (n + 2) / 24)

Chi-Square Test of Model Fit for the Binary and Ordered Categorical
(Ordinal) Outcomes

          Pearson Chi-Square

          Value                              4.193
          Degrees of Freedom                     2
          P-Value                           0.1229

          Likelihood Ratio Chi-Square

          Value                              4.234
          Degrees of Freedom                     2
          P-Value                           0.1204

Chi-Square Test for MCAR under the Unrestricted Latent Class Indicator Model

          Pearson Chi-Square

          Value                              0.000
          Degrees of Freedom                     0
          P-Value                           1.0000

          Likelihood Ratio Chi-Square

          Value                              0.000
          Degrees of Freedom                     0
          P-Value                           1.0000



MODEL RESULTS

                                                    Two-Tailed
                    Estimate       S.E.  Est./S.E.    P-Value

 MEM      BY
    VDMDE1Z            1.000      0.000    999.000    999.000
    VDMDE2Z            0.758      0.000    999.000    999.000
    VDMDE3             4.487      0.000    999.000    999.000
    VDMDE4Z            0.916      0.000    999.000    999.000
    VDMDE5Z            0.860      0.000    999.000    999.000
    VDMRE1Z            0.361      0.000    999.000    999.000
    VDMRE2Z            0.512      0.000    999.000    999.000

 CERADWL  BY
    VDMDE1Z            1.000      0.000    999.000    999.000
    VDMRE1Z            1.000      0.000    999.000    999.000

 LM       BY
    VDMDE2Z            1.000      0.000    999.000    999.000
    VDMRE2Z            1.000      0.000    999.000    999.000

 MEM      WITH
    CERADWL            0.000      0.000    999.000    999.000
    LM                 0.000      0.000    999.000    999.000

 CERADWL  WITH
    LM                 0.000      0.000    999.000    999.000

 Intercepts
    VDMDE1Z            0.510      0.000    999.000    999.000
    VDMDE2Z            0.289      0.000    999.000    999.000
    VDMDE4Z            0.526      0.000    999.000    999.000
    VDMDE5Z            0.414      0.000    999.000    999.000
    VDMRE1Z            0.926      0.000    999.000    999.000
    VDMRE2Z            0.681      0.000    999.000    999.000

 Thresholds
    VDMDE3$1          -1.821      0.000    999.000    999.000
    VDMDE3$2          -0.557      0.000    999.000    999.000

 Variances
    MEM                0.046      0.000    999.000    999.000
    CERADWL            0.003      0.000    999.000    999.000
    LM                 0.006      0.000    999.000    999.000

 Residual Variances
    VDMDE1Z            0.021      0.000    999.000    999.000
    VDMDE2Z            0.015      0.000    999.000    999.000
    VDMDE4Z            0.049      0.000    999.000    999.000
    VDMDE5Z            0.044      0.000    999.000    999.000
    VDMRE1Z            0.005      0.000    999.000    999.000
    VDMRE2Z            0.015      0.000    999.000    999.000


QUALITY OF NUMERICAL RESULTS

     Condition Number for the Information Matrix              0.100E+01
       (ratio of smallest to largest eigenvalue)


RESULTS IN PROBABILITY SCALE

                    Estimate

 VDMDE3
    Category 1         0.095
    Category 2         0.249
    Category 3         0.656


STANDARDIZED MODEL RESULTS


STDYX Standardization

                                                    Two-Tailed
                    Estimate       S.E.  Est./S.E.    P-Value

 MEM      BY
    VDMDE1Z            0.810      0.000    999.000    999.000
    VDMDE2Z            0.747      0.000    999.000    999.000
    VDMDE3             0.694      0.000    999.000    999.000
    VDMDE4Z            0.666      0.000    999.000    999.000
    VDMDE5Z            0.662      0.000    999.000    999.000
    VDMRE1Z            0.658      0.000    999.000    999.000
    VDMRE2Z            0.601      0.000    999.000    999.000

 CERADWL  BY
    VDMDE1Z            0.203      0.000    999.000    999.000
    VDMRE1Z            0.457      0.000    999.000    999.000

 LM       BY
    VDMDE2Z            0.353      0.000    999.000    999.000
    VDMRE2Z            0.420      0.000    999.000    999.000

 MEM      WITH
    CERADWL            0.000      0.000    999.000    999.000
    LM                 0.000      0.000    999.000    999.000

 CERADWL  WITH
    LM                 0.000      0.000    999.000    999.000

 Intercepts
    VDMDE1Z            1.924      0.000    999.000    999.000
    VDMDE2Z            1.325      0.000    999.000    999.000
    VDMDE4Z            1.780      0.000    999.000    999.000
    VDMDE5Z            1.486      0.000    999.000    999.000
    VDMRE1Z            7.853      0.000    999.000    999.000
    VDMRE2Z            3.723      0.000    999.000    999.000

 Thresholds
    VDMDE3$1          -1.312      0.000    999.000    999.000
    VDMDE3$2          -0.401      0.000    999.000    999.000

 Variances
    MEM                1.000      0.000    999.000    999.000
    CERADWL            1.000      0.000    999.000    999.000
    LM                 1.000      0.000    999.000    999.000

 Residual Variances
    VDMDE1Z            0.303      0.000    999.000    999.000
    VDMDE2Z            0.317      0.000    999.000    999.000
    VDMDE4Z            0.556      0.000    999.000    999.000
    VDMDE5Z            0.561      0.000    999.000    999.000
    VDMRE1Z            0.358      0.000    999.000    999.000
    VDMRE2Z            0.462      0.000    999.000    999.000


R-SQUARE

    Observed                                        Two-Tailed
    Variable        Estimate       S.E.  Est./S.E.    P-Value

    VDMDE3             0.481      0.000    999.000    999.000
    VDMDE1Z            0.697      0.000    999.000    999.000
    VDMDE2Z            0.683      0.000    999.000    999.000
    VDMDE4Z            0.444      0.000    999.000    999.000
    VDMDE5Z            0.439      0.000    999.000    999.000
    VDMRE1Z            0.642      0.000    999.000    999.000
    VDMRE2Z            0.538      0.000    999.000    999.000


MODEL COMMAND WITH FINAL ESTIMATES USED AS STARTING VALUES

     mem BY vdmde1z@1;
     mem BY vdmde2z@0.75800;
     mem BY vdmde3@4.48677;
     mem BY vdmde4z@0.91644;
     mem BY vdmde5z@0.86007;
     mem BY vdmre1z@0.36122;
     mem BY vdmre2z@0.51171;
     ceradwl BY vdmde1z@1;
     ceradwl BY vdmre1z@1;
     lm BY vdmde2z@1;
     lm BY vdmre2z@1;

     mem WITH ceradwl@0;
     mem WITH lm@0;
     ceradwl WITH lm@0;

     [ vdmde1z@0.51031 ];
     [ vdmde2z@0.28856 ];
     [ vdmde4z@0.52592 ];
     [ vdmde5z@0.41445 ];
     [ vdmre1z@0.92570 ];
     [ vdmre2z@0.68077 ];

     [ vdmde3$1@-1.82109 ];
     [ vdmde3$2@-0.55732 ];

     vdmde1z@0.02134;
     vdmde2z@0.01506;
     vdmde4z@0.04857;
     vdmde5z@0.04364;
     vdmre1z@0.00498;
     vdmre2z@0.01545;
     mem@0.04610;
     ceradwl@0.00290;
     lm@0.00591;



SAMPLE STATISTICS FOR ESTIMATED FACTOR SCORES


     SAMPLE STATISTICS


           Means
              MEM           MEM_SE        CERADWL       LM
              ________      ________      ________      ________
                0.000         0.064         0.000         0.000


           Covariances
              MEM           MEM_SE        CERADWL       LM
              ________      ________      ________      ________
 MEM            0.039
 MEM_SE         0.000         0.000
 CERADWL        0.001         0.000         0.001
 LM             0.002         0.000         0.000         0.002


           Correlations
              MEM           MEM_SE        CERADWL       LM
              ________      ________      ________      ________
 MEM            1.000
 MEM_SE         0.136         1.000
 CERADWL        0.227        -0.107         1.000
 LM             0.209         0.046        -0.308         1.000


SAVEDATA INFORMATION


  Save file
    eapmem.dat

  Order and format of variables

    VDMDE3         F10.3
    VDMDE1Z        F10.3
    VDMDE2Z        F10.3
    VDMDE4Z        F10.3
    VDMDE5Z        F10.3
    VDMRE1Z        F10.3
    VDMRE2Z        F10.3
    MEM            F10.3
    MEM_SE         F10.3
    CERADWL        F10.3
    LM             F10.3
    RNJID          I5

  Save file format
    11F10.3 I5

  Save file record length    10000

  Save missing symbol        *


     Beginning Time:  10:41:15
        Ending Time:  10:41:18
       Elapsed Time:  00:00:03



MUTHEN & MUTHEN
3463 Stoner Ave.
Los Angeles, CA  90066

Tel: (310) 391-9971
Fax: (310) 391-8971
Web: www.StatModel.com
Support: Support@StatModel.com

Copyright (c) 1998-2023 Muthen & Muthen
