Mplus VERSION 8.10 (Mac)
MUTHEN & MUTHEN
10/02/2023  10:44 AM

INPUT INSTRUCTIONS

  TITLE:
    Variable List -

    vdlfl1z : vdlfl1z = (vdlfl1 - .004106468202)/ 43.00821294
    vdlfl2 : Naming 2 items HRS TICS scissors, cactus
      0: 0-1
      1: 2
    vdlfl3 : Naming 2 items MMSE
      0: 0-1
      1: 2
    vdlfl4 : MMSE write a sentence
    vdlfl5 : MMSE read and follow command
    vdlfl6 : CSID object naming
      0: 0-2
      1: 3
      2: 4
    rnjid :

  DATA:
    FILE = __000001.dat ;
  VARIABLE:
    NAMES =
      vdlfl1z vdlfl2 vdlfl3 vdlfl4 vdlfl5 vdlfl6 rnjid ;
    MISSING ARE ALL (-9999) ;
    CATEGORICAL =
      vdlfl2
      vdlfl3
      vdlfl4
      vdlfl5
      vdlfl6
      ;
    IDVARIABLE = rnjid ;
  ANALYSIS:
  estimator=bayes ;

  OUTPUT:
  MODEL:
  [vdlfl1z*0.37139] ;
  [vdlfl2$1*-2.10651] ;
  [vdlfl3$1*-3.55361] ;
  [vdlfl4$1*-1.86194] ;
  [vdlfl5$1*-2.08651] ;
  [vdlfl6$1*-2.19872] ;
  [vdlfl6$2*-0.84439] ;
  lfl by vdlfl1z@1 ;
  lfl by vdlfl2*11.41201 ;
  lfl by vdlfl3*11.80585 ;
  lfl by vdlfl4*7.03877 ;
  lfl by vdlfl5*6.12734 ;
  lfl by vdlfl6*6.85468 ;
  vdlfl1z*0.01273 ;
  lfl*0.01060 ;




*** WARNING
  Data set contains cases with missing on all variables.
  These cases were not included in the analysis.
  Number of cases with missing on all variables:  149
   1 WARNING(S) FOUND IN THE INPUT INSTRUCTIONS




Variable List -

vdlfl1z : vdlfl1z = (vdlfl1 - .004106468202)/ 43.00821294
vdlfl2 : Naming 2 items HRS TICS scissors, cactus
0: 0-1
1: 2
vdlfl3 : Naming 2 items MMSE
0: 0-1
1: 2
vdlfl4 : MMSE write a sentence
vdlfl5 : MMSE read and follow command
vdlfl6 : CSID object naming
0: 0-2
1: 3
2: 4
rnjid :

SUMMARY OF ANALYSIS

Number of groups                                                 1
Number of observations                                        3347

Number of dependent variables                                    6
Number of independent variables                                  0
Number of continuous latent variables                            1

Observed dependent variables

  Continuous
   VDLFL1Z

  Binary and ordered categorical (ordinal)
   VDLFL2      VDLFL3      VDLFL4      VDLFL5      VDLFL6

Continuous latent variables
   LFL

Variables with special functions

  ID variable           RNJID

Estimator                                                    BAYES
Specifications for Bayesian Estimation
  Point estimate                                            MEDIAN
  Number of Markov chain Monte Carlo (MCMC) chains               2
  Random seed for the first chain                                0
  Starting value information                           UNPERTURBED
  Algorithm used for Markov chain Monte Carlo           GIBBS(PX1)
  Convergence criterion                                  0.500D-01
  Maximum number of iterations                               50000
  K-th iteration used for thinning                               1
Link                                                        PROBIT

Input data file(s)
  __000001.dat
Input data format  FREE


SUMMARY OF DATA



COVARIANCE COVERAGE OF DATA

Minimum covariance coverage value   0.100

     Number of missing data patterns            15


     PROPORTION OF DATA PRESENT


           Covariance Coverage
              VDLFL2        VDLFL3        VDLFL4        VDLFL5        VDLFL6
              ________      ________      ________      ________      ________
 VDLFL2         0.996
 VDLFL3         0.995         0.997
 VDLFL4         0.964         0.965         0.967
 VDLFL5         0.990         0.992         0.964         0.993
 VDLFL6         0.995         0.996         0.965         0.991         0.998
 VDLFL1Z        0.996         0.997         0.967         0.993         0.998


           Covariance Coverage
              VDLFL1Z
              ________
 VDLFL1Z        0.999


UNIVARIATE PROPORTIONS AND COUNTS FOR CATEGORICAL VARIABLES

    VDLFL2
      Category 1    0.086          287.000
      Category 2    0.914         3047.000
    VDLFL3
      Category 1    0.012           40.000
      Category 2    0.988         3298.000
    VDLFL4
      Category 1    0.066          213.000
      Category 2    0.934         3023.000
    VDLFL5
      Category 1    0.039          129.000
      Category 2    0.961         3195.000
    VDLFL6
      Category 1    0.036          121.000
      Category 2    0.209          698.000
      Category 3    0.755         2522.000



UNIVARIATE SAMPLE STATISTICS


     UNIVARIATE HIGHER-ORDER MOMENT DESCRIPTIVE STATISTICS

         Variable/         Mean/     Skewness/   Minimum/ % with                Percentiles
        Sample Size      Variance    Kurtosis    Maximum  Min/Max      20%/60%    40%/80%    Median

     VDLFL1Z               0.371       0.255       0.000    0.84%       0.233      0.326      0.372
            3345.000       0.023       0.116       1.000    0.03%       0.395      0.488


THE MODEL ESTIMATION TERMINATED NORMALLY

     USE THE FBITERATIONS OPTION TO INCREASE THE NUMBER OF ITERATIONS BY A FACTOR
     OF AT LEAST TWO TO CHECK CONVERGENCE AND THAT THE PSR VALUE DOES NOT INCREASE.



MODEL FIT INFORMATION

Number of Free Parameters                              14

Bayesian Posterior Predictive Checking using Chi-Square

          95% Confidence Interval for the Difference Between
          the Observed and the Replicated Chi-Square Values

                                -19.882            21.852

          Posterior Predictive P-Value              0.365



MODEL RESULTS

                                Posterior  One-Tailed         95% C.I.
                    Estimate       S.D.      P-Value   Lower 2.5%  Upper 2.5%  Significance

 LFL      BY
    VDLFL1Z            1.000       0.000      0.000       1.000       1.000
    VDLFL2             8.994       0.802      0.000       7.683      10.776      *
    VDLFL3             7.528       0.879      0.000       5.860       9.189      *
    VDLFL4             5.675       0.571      0.000       4.562       6.806      *
    VDLFL5             4.487       0.630      0.000       3.411       5.757      *
    VDLFL6             5.615       0.446      0.000       4.791       6.502      *

 Intercepts
    VDLFL1Z            0.371       0.003      0.000       0.366       0.377      *

 Thresholds
    VDLFL2$1          -1.921       0.082      0.000      -2.097      -1.774      *
    VDLFL3$1          -2.974       0.133      0.000      -3.223      -2.713      *
    VDLFL4$1          -1.757       0.059      0.000      -1.875      -1.652      *
    VDLFL5$1          -1.978       0.064      0.000      -2.109      -1.867      *
    VDLFL6$1          -2.136       0.054      0.000      -2.243      -2.037      *
    VDLFL6$2          -0.809       0.029      0.000      -0.868      -0.753      *

 Variances
    LFL                0.013       0.001      0.000       0.011       0.014      *

 Residual Variances
    VDLFL1Z            0.011       0.001      0.000       0.009       0.013      *


     Beginning Time:  10:44:47
        Ending Time:  10:44:58
       Elapsed Time:  00:00:11



MUTHEN & MUTHEN
3463 Stoner Ave.
Los Angeles, CA  90066

Tel: (310) 391-9971
Fax: (310) 391-8971
Web: www.StatModel.com
Support: Support@StatModel.com

Copyright (c) 1998-2023 Muthen & Muthen
